#
# A fatal error has been detected by the Java Runtime Environment:
#
#  EXCEPTION_ACCESS_VIOLATION (0xc0000005) at pc=0x00007ffbee2b4485, pid=55880, tid=54460
#
# JRE version: OpenJDK Runtime Environment (21.0.5) (build 21.0.5+-12932927-b750.29)
# Java VM: OpenJDK 64-Bit Server VM (21.0.5+-12932927-b750.29, mixed mode, tiered, compressed oops, compressed class ptrs, g1 gc, windows-amd64)
# Problematic frame:
# V  [jvm.dll+0x3b4485]
#
# No core dump will be written. Minidumps are not enabled by default on client versions of Windows
#
# If you would like to submit a bug report, please visit:
#   https://youtrack.jetbrains.com/issues/JBR
#

---------------  S U M M A R Y ------------

Command Line: --add-opens=java.base/java.lang=ALL-UNNAMED --add-opens=java.base/java.lang.invoke=ALL-UNNAMED --add-opens=java.base/java.util=ALL-UNNAMED --add-opens=java.prefs/java.util.prefs=ALL-UNNAMED --add-exports=jdk.compiler/com.sun.tools.javac.api=ALL-UNNAMED --add-exports=jdk.compiler/com.sun.tools.javac.util=ALL-UNNAMED --add-opens=java.base/java.util=ALL-UNNAMED --add-opens=java.prefs/java.util.prefs=ALL-UNNAMED --add-opens=java.base/java.nio.charset=ALL-UNNAMED --add-opens=java.base/java.net=ALL-UNNAMED --add-opens=java.base/java.util.concurrent.atomic=ALL-UNNAMED --add-opens=java.xml/javax.xml.namespace=ALL-UNNAMED -Xmx2048m -Dfile.encoding=UTF-8 -Duser.country=US -Duser.language=en -Duser.variant -javaagent:C:\Users\arjun\.gradle\wrapper\dists\gradle-8.11.1-bin\bpt9gzteqjrbo1mjrsomdt32c\gradle-8.11.1\lib\agents\gradle-instrumentation-agent-8.11.1.jar org.gradle.launcher.daemon.bootstrap.GradleDaemon 8.11.1

Host: AMD Ryzen 9 4900HS with Radeon Graphics         , 16 cores, 23G,  Windows 11 , 64 bit Build 26100 (10.0.26100.3323)
Time: Sat Mar  8 14:31:27 2025 Eastern Standard Time elapsed time: 10.437561 seconds (0d 0h 0m 10s)

---------------  T H R E A D  ---------------

Current thread (0x000001f1fea60c10):  JavaThread "C2 CompilerThread1" daemon [_thread_in_native, id=54460, stack(0x0000008ba8200000,0x0000008ba8300000) (1024K)]


Current CompileTask:
C2:10437 5910   !   4       java.net.URLClassLoader::defineClass (224 bytes)

Stack: [0x0000008ba8200000,0x0000008ba8300000],  sp=0x0000008ba82fc900,  free space=1010k
Native frames: (J=compiled Java code, j=interpreted, Vv=VM code, C=native code)
V  [jvm.dll+0x3b4485]
V  [jvm.dll+0x1de88f]
V  [jvm.dll+0x247db4]
V  [jvm.dll+0x247231]
V  [jvm.dll+0x1c5ee4]
V  [jvm.dll+0x25697c]
V  [jvm.dll+0x254ec6]
V  [jvm.dll+0x3f0ce6]
V  [jvm.dll+0x806368]
V  [jvm.dll+0x6ce3fd]
C  [ucrtbase.dll+0x37b0]
C  [KERNEL32.DLL+0x2e8d7]
C  [ntdll.dll+0xbbf6c]


siginfo: EXCEPTION_ACCESS_VIOLATION (0xc0000005), reading address 0xffffffffffffffff


Registers:
RAX=0x000001f1867acb00, RBX=0x000001f187fba430, RCX=0x0000000000000003, RDX=0x0000000000000002
RSP=0x0000008ba82fc900, RBP=0x0000008ba82fca30, RSI=0x00000000000017f0, RDI=0x00000000000017f0
R8 =0x0001000000000000, R9 =0x20007ffbeea950a0, R10=0x0000000000000003, R11=0x000001f1869353c0
R12=0x0000000000000000, R13=0x000001f1ff246c78, R14=0x0000000000000030, R15=0x00007ffbeea950a0
RIP=0x00007ffbee2b4485, EFLAGS=0x0000000000010206


Register to memory mapping:

RAX=0x000001f1867acb00 points into unknown readable memory: 0x00007ffbeea950a0 | a0 50 a9 ee fb 7f 00 00
RBX=0x000001f187fba430 points into unknown readable memory: 0x0000000000000000 | 00 00 00 00 00 00 00 00
RCX=0x0000000000000003 is an unknown value
RDX=0x0000000000000002 is an unknown value
RSP=0x0000008ba82fc900 is pointing into the stack for thread: 0x000001f1fea60c10
RBP=0x0000008ba82fca30 is pointing into the stack for thread: 0x000001f1fea60c10
RSI=0x00000000000017f0 is an unknown value
RDI=0x00000000000017f0 is an unknown value
R8 =0x0001000000000000 is an unknown value
R9 =0x20007ffbeea950a0 is an unknown value
R10=0x0000000000000003 is an unknown value
R11=0x000001f1869353c0 points into unknown readable memory: 0x0000000000000000 | 00 00 00 00 00 00 00 00
R12=0x0 is null
R13=0x000001f1ff246c78 points into unknown readable memory: 0x0000000000000000 | 00 00 00 00 00 00 00 00
R14=0x0000000000000030 is an unknown value
R15=0x00007ffbeea950a0 jvm.dll

Top of Stack: (sp=0x0000008ba82fc900)
0x0000008ba82fc900:   000001f187fba390 00000000000017f0
0x0000008ba82fc910:   000001f185816900 0000000000000000
0x0000008ba82fc920:   0000000000000002 0000000400000bd3
0x0000008ba82fc930:   0000000c0000000c 000001f185d95d60
0x0000008ba82fc940:   000001f187c5cc18 000001f188033650
0x0000008ba82fc950:   000001f1ff2468a0 0000000000000000
0x0000008ba82fc960:   0000008ba82fca70 00007ffbee0de88f
0x0000008ba82fc970:   0000008ba82fcdb0 0000008ba82fce90
0x0000008ba82fc980:   00000000000003d8 000001f1ff246890
0x0000008ba82fc990:   0000000000000000 00007ffc8d1b5f71
0x0000008ba82fc9a0:   0000008ba82fca07 000001f1ff246890
0x0000008ba82fc9b0:   000001f18a4ce2f0 000001f18a4d42a0
0x0000008ba82fc9c0:   000001f18a4d62d8 00000000005f8918
0x0000008ba82fc9d0:   0000000000000000 0000000000000000
0x0000008ba82fc9e0:   0000000000000000 0000000000000000
0x0000008ba82fc9f0:   0000000000007fd8 00007ffbee843c88
0x0000008ba82fca00:   0000000000000000 0000008ba82fe2a0
0x0000008ba82fca10:   0000000000000000 00007ffbee843c88
0x0000008ba82fca20:   000001f187d2b800 00007ffbeea30020
0x0000008ba82fca30:   00001d500000000c 0000008ba82fe2a0
0x0000008ba82fca40:   000001f187f44050 0000000000000000
0x0000008ba82fca50:   000001f188071050 0000000000001cb3
0x0000008ba82fca60:   0000008ba82fc9a0 000001f1ff2468a0
0x0000008ba82fca70:   00007ffbee843c58 000001f10000000d
0x0000008ba82fca80:   0000008ba82fe2a0 0000008ba82fcdb0
0x0000008ba82fca90:   0000000000001e41 00007ffbedfc04a3
0x0000008ba82fcaa0:   000001f10000000a 0000008ba82fe2a0
0x0000008ba82fcab0:   000001f1869973f0 0000000000000000
0x0000008ba82fcac0:   000001f18a3a8800 000001f186a567f0
0x0000008ba82fcad0:   000001f186a58f20 0000008ba82fcd10
0x0000008ba82fcae0:   0000008ba82fceb0 0000000000001cb3
0x0000008ba82fcaf0:   0000008ba82fc9a0 0000000000001e00 

Instructions: (pc=0x00007ffbee2b4485)
0x00007ffbee2b4385:   10 4c 89 70 18 4c 89 78 20 4c 8d 3d 0b 0d 7e 00
0x00007ffbee2b4395:   66 66 66 0f 1f 84 00 00 00 00 00 8b f7 4c 8d 04
0x00007ffbee2b43a5:   b6 49 c1 e0 05 4c 03 45 10 45 39 20 0f 84 f7 00
0x00007ffbee2b43b5:   00 00 44 89 64 24 28 49 8b d4 48 89 54 24 20 44
0x00007ffbee2b43c5:   8b f6 48 c7 44 24 2c 04 00 00 00 41 83 e6 3f 41
0x00007ffbee2b43d5:   8b 40 04 89 44 24 34 4c 89 64 24 38 49 8b 40 08
0x00007ffbee2b43e5:   48 89 44 24 40 4c 89 44 24 48 90 48 85 d2 74 1d
0x00007ffbee2b43f5:   48 0f bc c2 8b c8 48 d3 ea 8b 4c 24 28 48 ff ca
0x00007ffbee2b4405:   03 c8 48 89 54 24 20 89 4c 24 28 eb 26 83 7c 24
0x00007ffbee2b4415:   2c 04 72 0e 8b 44 24 34 39 44 24 30 0f 83 87 00
0x00007ffbee2b4425:   00 00 48 8d 4c 24 20 e8 cf 6b 00 00 48 8b 54 24
0x00007ffbee2b4435:   20 8b c8 85 c9 74 72 8b c1 48 8d 1c 80 48 c1 e3
0x00007ffbee2b4445:   05 48 03 5d 10 85 ff 74 a2 48 8b 43 08 48 8b ce
0x00007ffbee2b4455:   48 c1 e9 08 4c 8b 0c c8 4d 3b cf 75 0d 8b d7 48
0x00007ffbee2b4465:   8b cb e8 54 6d 00 00 4c 8b c8 49 8b ce 41 b8 01
0x00007ffbee2b4475:   00 00 00 49 d3 e0 48 8b ce 48 c1 e9 06 83 e1 03
0x00007ffbee2b4485:   49 8b 14 c9 48 8b c2 49 0b c0 49 89 04 c9 49 85
0x00007ffbee2b4495:   d0 74 0a 48 8b 54 24 20 e9 4e ff ff ff ff 03 48
0x00007ffbee2b44a5:   8b 54 24 20 e9 42 ff ff ff ff c7 3b 7d 28 0f 82
0x00007ffbee2b44b5:   e7 fe ff ff 4c 8b bc 24 88 00 00 00 4c 8b b4 24
0x00007ffbee2b44c5:   80 00 00 00 48 8b 74 24 78 48 8b 5c 24 70 c6 45
0x00007ffbee2b44d5:   18 01 48 83 c4 50 41 5c 5f 5d c3 c6 41 18 01 48
0x00007ffbee2b44e5:   83 c4 50 41 5c 5f 5d c3 cc cc cc 4c 8b dc 49 89
0x00007ffbee2b44f5:   6b 20 56 57 41 56 48 83 ec 50 41 8b c0 48 8b e9
0x00007ffbee2b4505:   8b f2 4c 8d 14 80 49 c1 e2 05 48 8d 3c b6 4c 03
0x00007ffbee2b4515:   51 10 48 c1 e7 05 48 03 79 10 41 83 3a 00 0f 84
0x00007ffbee2b4525:   79 01 00 00 33 d2 4d 89 63 10 49 89 53 b8 4c 8d
0x00007ffbee2b4535:   25 66 0b 7e 00 89 54 24 28 44 8b c2 49 c7 43 c4
0x00007ffbee2b4545:   04 00 00 00 41 8b 42 04 89 44 24 34 4d 89 7b 18
0x00007ffbee2b4555:   44 8b fe 49 89 53 d0 41 83 e7 3f 49 8b 42 08 49
0x00007ffbee2b4565:   89 43 d8 4d 89 53 e0 49 89 5b 08 48 85 d2 74 1b
0x00007ffbee2b4575:   48 0f bc c2 8b c8 48 d3 ea 48 ff ca 44 03 c0 48 


Stack slot to memory mapping:

stack at sp + 0 slots: 0x000001f187fba390 points into unknown readable memory: 0x0000001800000015 | 15 00 00 00 18 00 00 00
stack at sp + 1 slots: 0x00000000000017f0 is an unknown value
stack at sp + 2 slots: 0x000001f185816900 points into unknown readable memory: 0x0000000100000001 | 01 00 00 00 01 00 00 00
stack at sp + 3 slots: 0x0 is null
stack at sp + 4 slots: 0x0000000000000002 is an unknown value
stack at sp + 5 slots: 0x0000000400000bd3 is an unknown value
stack at sp + 6 slots: 0x0000000c0000000c is an unknown value
stack at sp + 7 slots: 0x000001f185d95d60 points into unknown readable memory: 0x0000000000000000 | 00 00 00 00 00 00 00 00


---------------  P R O C E S S  ---------------

Threads class SMR info:
_java_thread_list=0x000001f188860220, length=42, elements={
0x000001f1e43da390, 0x000001f1fea1e460, 0x000001f1fea20ec0, 0x000001f1fea24da0,
0x000001f1fea220b0, 0x000001f1fea22b00, 0x000001f1fea23550, 0x000001f1fea30ba0,
0x000001f1fea619b0, 0x000001f1febcad00, 0x000001f1ff050a20, 0x000001f1854089f0,
0x000001f1851f7970, 0x000001f185213760, 0x000001f1854cf160, 0x000001f1854cfb90,
0x000001f18550ce80, 0x000001f18551a730, 0x000001f1855cdd00, 0x000001f185295df0,
0x000001f185293690, 0x000001f185296480, 0x000001f185296b10, 0x000001f185293d20,
0x000001f185294a40, 0x000001f187bb23a0, 0x000001f187bb1680, 0x000001f187bb0960,
0x000001f187bb1d10, 0x000001f187bb0ff0, 0x000001f1fea64290, 0x000001f1fea60c10,
0x000001f187bb2a30, 0x000001f187bb30c0, 0x000001f1fea62e20, 0x000001f1fea63bc0,
0x000001f1fea612e0, 0x000001f1fea62080, 0x000001f1888786f0, 0x000001f187bb3de0,
0x000001f187bb6bd0, 0x000001f185936d10
}

Java Threads: ( => current thread )
  0x000001f1e43da390 JavaThread "main"                              [_thread_blocked, id=50388, stack(0x0000008ba6c00000,0x0000008ba6d00000) (1024K)]
  0x000001f1fea1e460 JavaThread "Reference Handler"          daemon [_thread_blocked, id=57448, stack(0x0000008ba7400000,0x0000008ba7500000) (1024K)]
  0x000001f1fea20ec0 JavaThread "Finalizer"                  daemon [_thread_blocked, id=3084, stack(0x0000008ba7500000,0x0000008ba7600000) (1024K)]
  0x000001f1fea24da0 JavaThread "Signal Dispatcher"          daemon [_thread_blocked, id=45608, stack(0x0000008ba7600000,0x0000008ba7700000) (1024K)]
  0x000001f1fea220b0 JavaThread "Attach Listener"            daemon [_thread_blocked, id=40456, stack(0x0000008ba7700000,0x0000008ba7800000) (1024K)]
  0x000001f1fea22b00 JavaThread "Service Thread"             daemon [_thread_blocked, id=37460, stack(0x0000008ba7800000,0x0000008ba7900000) (1024K)]
  0x000001f1fea23550 JavaThread "Monitor Deflation Thread"   daemon [_thread_blocked, id=56672, stack(0x0000008ba7900000,0x0000008ba7a00000) (1024K)]
  0x000001f1fea30ba0 JavaThread "C2 CompilerThread0"         daemon [_thread_in_native, id=34248, stack(0x0000008ba7a00000,0x0000008ba7b00000) (1024K)]
  0x000001f1fea619b0 JavaThread "C1 CompilerThread0"         daemon [_thread_blocked, id=48228, stack(0x0000008ba7b00000,0x0000008ba7c00000) (1024K)]
  0x000001f1febcad00 JavaThread "Common-Cleaner"             daemon [_thread_blocked, id=40136, stack(0x0000008ba7c00000,0x0000008ba7d00000) (1024K)]
  0x000001f1ff050a20 JavaThread "Notification Thread"        daemon [_thread_blocked, id=50728, stack(0x0000008ba8000000,0x0000008ba8100000) (1024K)]
  0x000001f1854089f0 JavaThread "Daemon health stats"               [_thread_blocked, id=27508, stack(0x0000008ba8d00000,0x0000008ba8e00000) (1024K)]
  0x000001f1851f7970 JavaThread "Incoming local TCP Connector on port 63374"        [_thread_in_native, id=46224, stack(0x0000008ba8e00000,0x0000008ba8f00000) (1024K)]
  0x000001f185213760 JavaThread "Daemon periodic checks"            [_thread_blocked, id=54572, stack(0x0000008ba8f00000,0x0000008ba9000000) (1024K)]
  0x000001f1854cf160 JavaThread "Daemon"                            [_thread_blocked, id=57604, stack(0x0000008ba9000000,0x0000008ba9100000) (1024K)]
  0x000001f1854cfb90 JavaThread "Handler for socket connection from /127.0.0.1:63374 to /127.0.0.1:63375"        [_thread_in_native, id=54408, stack(0x0000008ba9100000,0x0000008ba9200000) (1024K)]
  0x000001f18550ce80 JavaThread "Cancel handler"                    [_thread_blocked, id=57832, stack(0x0000008ba9200000,0x0000008ba9300000) (1024K)]
  0x000001f18551a730 JavaThread "Daemon worker"                     [_thread_in_Java, id=57824, stack(0x0000008ba9300000,0x0000008ba9400000) (1024K)]
  0x000001f1855cdd00 JavaThread "Asynchronous log dispatcher for DefaultDaemonConnection: socket connection from /127.0.0.1:63374 to /127.0.0.1:63375"        [_thread_blocked, id=57828, stack(0x0000008ba9400000,0x0000008ba9500000) (1024K)]
  0x000001f185295df0 JavaThread "Stdin handler"                     [_thread_blocked, id=57808, stack(0x0000008ba9500000,0x0000008ba9600000) (1024K)]
  0x000001f185293690 JavaThread "Daemon client event forwarder"        [_thread_blocked, id=57800, stack(0x0000008ba9600000,0x0000008ba9700000) (1024K)]
  0x000001f185296480 JavaThread "Cache worker for journal cache (C:\Users\arjun\.gradle\caches\journal-1)"        [_thread_blocked, id=36492, stack(0x0000008ba9d00000,0x0000008ba9e00000) (1024K)]
  0x000001f185296b10 JavaThread "File lock request listener"        [_thread_in_native, id=56324, stack(0x0000008ba9e00000,0x0000008ba9f00000) (1024K)]
  0x000001f185293d20 JavaThread "Cache worker for file hash cache (C:\Users\arjun\.gradle\caches\8.11.1\fileHashes)"        [_thread_blocked, id=53816, stack(0x0000008ba9f00000,0x0000008baa000000) (1024K)]
  0x000001f185294a40 JavaThread "Cache worker for file content cache (C:\Users\arjun\.gradle\caches\8.11.1\fileContent)"        [_thread_blocked, id=25208, stack(0x0000008baa000000,0x0000008baa100000) (1024K)]
  0x000001f187bb23a0 JavaThread "Cache worker for file hash cache (C:\Users\arjun\AndroidStudioProjects\BreathWell\.gradle\8.11.1\fileHashes)"        [_thread_blocked, id=56256, stack(0x0000008baa100000,0x0000008baa200000) (1024K)]
  0x000001f187bb1680 JavaThread "Cache worker for Build Output Cleanup Cache (C:\Users\arjun\AndroidStudioProjects\BreathWell\.gradle\buildOutputCleanup)"        [_thread_blocked, id=43704, stack(0x0000008baa200000,0x0000008baa300000) (1024K)]
  0x000001f187bb0960 JavaThread "File watcher server"        daemon [_thread_in_native, id=33748, stack(0x0000008ba7d00000,0x0000008ba7e00000) (1024K)]
  0x000001f187bb1d10 JavaThread "File watcher consumer"      daemon [_thread_blocked, id=12480, stack(0x0000008ba7e00000,0x0000008ba7f00000) (1024K)]
  0x000001f187bb0ff0 JavaThread "Cache worker for checksums cache (C:\Users\arjun\AndroidStudioProjects\BreathWell\.gradle\8.11.1\checksums)"        [_thread_blocked, id=48504, stack(0x0000008ba7f00000,0x0000008ba8000000) (1024K)]
  0x000001f1fea64290 JavaThread "C1 CompilerThread1"         daemon [_thread_blocked, id=52992, stack(0x0000008ba8100000,0x0000008ba8200000) (1024K)]
=>0x000001f1fea60c10 JavaThread "C2 CompilerThread1"         daemon [_thread_in_native, id=54460, stack(0x0000008ba8200000,0x0000008ba8300000) (1024K)]
  0x000001f187bb2a30 JavaThread "Cache worker for cache directory md-rule (C:\Users\arjun\.gradle\caches\8.11.1\md-rule)"        [_thread_blocked, id=19676, stack(0x0000008ba8300000,0x0000008ba8400000) (1024K)]
  0x000001f187bb30c0 JavaThread "Cache worker for cache directory md-supplier (C:\Users\arjun\.gradle\caches\8.11.1\md-supplier)"        [_thread_blocked, id=56572, stack(0x0000008ba8400000,0x0000008ba8500000) (1024K)]
  0x000001f1fea62e20 JavaThread "C2 CompilerThread2"         daemon [_thread_in_native, id=10600, stack(0x0000008baa300000,0x0000008baa400000) (1024K)]
  0x000001f1fea63bc0 JavaThread "C2 CompilerThread3"         daemon [_thread_in_native, id=30484, stack(0x0000008baa400000,0x0000008baa500000) (1024K)]
  0x000001f1fea612e0 JavaThread "C1 CompilerThread2"         daemon [_thread_blocked, id=57004, stack(0x0000008baa500000,0x0000008baa600000) (1024K)]
  0x000001f1fea62080 JavaThread "C1 CompilerThread3"         daemon [_thread_blocked, id=53660, stack(0x0000008baa600000,0x0000008baa700000) (1024K)]
  0x000001f1888786f0 JavaThread "C2 CompilerThread4"         daemon [_thread_in_native, id=52192, stack(0x0000008baa700000,0x0000008baa800000) (1024K)]
  0x000001f187bb3de0 JavaThread "jar transforms"                    [_thread_blocked, id=52412, stack(0x0000008baa800000,0x0000008baa900000) (1024K)]
  0x000001f187bb6bd0 JavaThread "jar transforms Thread 2"           [_thread_blocked, id=56340, stack(0x0000008baa900000,0x0000008baaa00000) (1024K)]
  0x000001f185936d10 JavaThread "jar transforms Thread 3"           [_thread_blocked, id=49740, stack(0x0000008baaa00000,0x0000008baab00000) (1024K)]
Total: 42

Other Threads:
  0x000001f1fe9c6cd0 VMThread "VM Thread"                           [id=47620, stack(0x0000008ba7300000,0x0000008ba7400000) (1024K)]
  0x000001f1fe856c20 WatcherThread "VM Periodic Task Thread"        [id=56664, stack(0x0000008ba7200000,0x0000008ba7300000) (1024K)]
  0x000001f1e449d000 WorkerThread "GC Thread#0"                     [id=17800, stack(0x0000008ba6d00000,0x0000008ba6e00000) (1024K)]
  0x000001f1ff15fe60 WorkerThread "GC Thread#1"                     [id=53280, stack(0x0000008ba8500000,0x0000008ba8600000) (1024K)]
  0x000001f1ff6d7180 WorkerThread "GC Thread#2"                     [id=58084, stack(0x0000008ba8600000,0x0000008ba8700000) (1024K)]
  0x000001f1ff5784d0 WorkerThread "GC Thread#3"                     [id=43836, stack(0x0000008ba8700000,0x0000008ba8800000) (1024K)]
  0x000001f1ff468bd0 WorkerThread "GC Thread#4"                     [id=55752, stack(0x0000008ba8800000,0x0000008ba8900000) (1024K)]
  0x000001f1ff469310 WorkerThread "GC Thread#5"                     [id=58080, stack(0x0000008ba8900000,0x0000008ba8a00000) (1024K)]
  0x000001f1ff467d50 WorkerThread "GC Thread#6"                     [id=54464, stack(0x0000008ba8a00000,0x0000008ba8b00000) (1024K)]
  0x000001f1ff4679b0 WorkerThread "GC Thread#7"                     [id=55408, stack(0x0000008ba8b00000,0x0000008ba8c00000) (1024K)]
  0x000001f1ff468f70 WorkerThread "GC Thread#8"                     [id=52320, stack(0x0000008ba8c00000,0x0000008ba8d00000) (1024K)]
  0x000001f1853e83d0 WorkerThread "GC Thread#9"                     [id=57784, stack(0x0000008ba9700000,0x0000008ba9800000) (1024K)]
  0x000001f1853e8eb0 WorkerThread "GC Thread#10"                    [id=57880, stack(0x0000008ba9800000,0x0000008ba9900000) (1024K)]
  0x000001f1853e9d30 WorkerThread "GC Thread#11"                    [id=35608, stack(0x0000008ba9900000,0x0000008ba9a00000) (1024K)]
  0x000001f1853e71b0 WorkerThread "GC Thread#12"                    [id=57960, stack(0x0000008ba9a00000,0x0000008ba9b00000) (1024K)]
  0x000001f1e449ea40 ConcurrentGCThread "G1 Main Marker"            [id=55536, stack(0x0000008ba6e00000,0x0000008ba6f00000) (1024K)]
  0x000001f1e5f47ba0 WorkerThread "G1 Conc#0"                       [id=53780, stack(0x0000008ba6f00000,0x0000008ba7000000) (1024K)]
  0x000001f1853e8b10 WorkerThread "G1 Conc#1"                       [id=56056, stack(0x0000008ba9b00000,0x0000008ba9c00000) (1024K)]
  0x000001f1853e9250 WorkerThread "G1 Conc#2"                       [id=57804, stack(0x0000008ba9c00000,0x0000008ba9d00000) (1024K)]
  0x000001f1fe803710 ConcurrentGCThread "G1 Refine#0"               [id=55584, stack(0x0000008ba7000000,0x0000008ba7100000) (1024K)]
  0x000001f1fe804030 ConcurrentGCThread "G1 Service"                [id=53456, stack(0x0000008ba7100000,0x0000008ba7200000) (1024K)]
Total: 21

Threads with active compile tasks:
C2 CompilerThread0  10486 6113   !   4       java.io.BufferedReader::readLine (72 bytes)
C2 CompilerThread1  10486 5910   !   4       java.net.URLClassLoader::defineClass (224 bytes)
C2 CompilerThread2  10486 6118 %     4       sun.nio.cs.UTF_8$Decoder::decodeArrayLoop @ 103 (688 bytes)
C2 CompilerThread3  10486 6112       4       java.io.BufferedReader::readLine (7 bytes)
C2 CompilerThread4  10486 6101       4       java.io.BufferedReader::implReadLine (301 bytes)
Total: 5

VM state: not at safepoint (normal execution)

VM Mutex/Monitor currently owned by a thread:  ([mutex/lock_event])
[0x00007ffbeeaabde0] MethodCompileQueue_lock - owner thread: 0x000001f18551a730

Heap address: 0x0000000080000000, size: 2048 MB, Compressed Oops mode: 32-bit

CDS archive(s) not mapped
Compressed class space mapped at: 0x0000000100000000-0x0000000140000000, reserved size: 1073741824
Narrow klass base: 0x0000000000000000, Narrow klass shift: 3, Narrow klass range: 0x140000000

GC Precious Log:
 CardTable entry size: 512
 Card Set container configuration: InlinePtr #cards 5 size 8 Array Of Cards #cards 12 size 40 Howl #buckets 4 coarsen threshold 1843 Howl Bitmap #cards 512 size 80 coarsen threshold 460 Card regions per heap region 1 cards per card region 2048
 CPUs: 16 total, 16 available
 Memory: 23981M
 Large Page Support: Disabled
 NUMA Support: Disabled
 Compressed Oops: Enabled (32-bit)
 Heap Region Size: 1M
 Heap Min Capacity: 8M
 Heap Initial Capacity: 376M
 Heap Max Capacity: 2G
 Pre-touch: Disabled
 Parallel Workers: 13
 Concurrent Workers: 3
 Concurrent Refinement Workers: 13
 Periodic GC: Disabled

Heap:
 garbage-first heap   total 140288K, used 67156K [0x0000000080000000, 0x0000000100000000)
  region size 1024K, 28 young (28672K), 2 survivors (2048K)
 Metaspace       used 63782K, committed 65344K, reserved 1114112K
  class space    used 8556K, committed 9344K, reserved 1048576K

Heap Regions: E=young(eden), S=young(survivor), O=old, HS=humongous(starts), HC=humongous(continues), CS=collection set, F=free, TAMS=top-at-mark-start, PB=parsable bottom
|   0|0x0000000080000000, 0x0000000080100000, 0x0000000080100000|100%|HS|  |TAMS 0x0000000080000000| PB 0x0000000080000000| Complete 
|   1|0x0000000080100000, 0x0000000080200000, 0x0000000080200000|100%|HC|  |TAMS 0x0000000080100000| PB 0x0000000080100000| Complete 
|   2|0x0000000080200000, 0x0000000080300000, 0x0000000080300000|100%|HC|  |TAMS 0x0000000080200000| PB 0x0000000080200000| Complete 
|   3|0x0000000080300000, 0x0000000080400000, 0x0000000080400000|100%| O|  |TAMS 0x0000000080300000| PB 0x0000000080300000| Untracked 
|   4|0x0000000080400000, 0x0000000080500000, 0x0000000080500000|100%| O|  |TAMS 0x0000000080400000| PB 0x0000000080400000| Untracked 
|   5|0x0000000080500000, 0x0000000080600000, 0x0000000080600000|100%| O|  |TAMS 0x0000000080500000| PB 0x0000000080500000| Untracked 
|   6|0x0000000080600000, 0x0000000080700000, 0x0000000080700000|100%|HS|  |TAMS 0x0000000080600000| PB 0x0000000080600000| Complete 
|   7|0x0000000080700000, 0x0000000080800000, 0x0000000080800000|100%| O|  |TAMS 0x0000000080700000| PB 0x0000000080700000| Untracked 
|   8|0x0000000080800000, 0x0000000080900000, 0x0000000080900000|100%| O|  |TAMS 0x0000000080800000| PB 0x0000000080800000| Untracked 
|   9|0x0000000080900000, 0x0000000080a00000, 0x0000000080a00000|100%| O|  |TAMS 0x0000000080900000| PB 0x0000000080900000| Untracked 
|  10|0x0000000080a00000, 0x0000000080b00000, 0x0000000080b00000|100%| O|  |TAMS 0x0000000080a00000| PB 0x0000000080a00000| Untracked 
|  11|0x0000000080b00000, 0x0000000080c00000, 0x0000000080c00000|100%| O|  |TAMS 0x0000000080b00000| PB 0x0000000080b00000| Untracked 
|  12|0x0000000080c00000, 0x0000000080d00000, 0x0000000080d00000|100%| O|  |TAMS 0x0000000080c00000| PB 0x0000000080c00000| Untracked 
|  13|0x0000000080d00000, 0x0000000080e00000, 0x0000000080e00000|100%|HS|  |TAMS 0x0000000080d00000| PB 0x0000000080d00000| Complete 
|  14|0x0000000080e00000, 0x0000000080f00000, 0x0000000080f00000|100%| O|  |TAMS 0x0000000080e00000| PB 0x0000000080e00000| Untracked 
|  15|0x0000000080f00000, 0x0000000081000000, 0x0000000081000000|100%| O|  |TAMS 0x0000000080f00000| PB 0x0000000080f00000| Untracked 
|  16|0x0000000081000000, 0x0000000081100000, 0x0000000081100000|100%| O|  |TAMS 0x0000000081000000| PB 0x0000000081000000| Untracked 
|  17|0x0000000081100000, 0x0000000081200000, 0x0000000081200000|100%| O|  |TAMS 0x0000000081100000| PB 0x0000000081100000| Untracked 
|  18|0x0000000081200000, 0x0000000081300000, 0x0000000081300000|100%| O|  |TAMS 0x0000000081200000| PB 0x0000000081200000| Untracked 
|  19|0x0000000081300000, 0x0000000081400000, 0x0000000081400000|100%| O|  |TAMS 0x0000000081300000| PB 0x0000000081300000| Untracked 
|  20|0x0000000081400000, 0x0000000081500000, 0x0000000081500000|100%| O|  |TAMS 0x0000000081400000| PB 0x0000000081400000| Untracked 
|  21|0x0000000081500000, 0x0000000081600000, 0x0000000081600000|100%| O|  |TAMS 0x0000000081500000| PB 0x0000000081500000| Untracked 
|  22|0x0000000081600000, 0x0000000081600000, 0x0000000081700000|  0%| F|  |TAMS 0x0000000081600000| PB 0x0000000081600000| Untracked 
|  23|0x0000000081700000, 0x0000000081800000, 0x0000000081800000|100%| O|  |TAMS 0x0000000081700000| PB 0x0000000081700000| Untracked 
|  24|0x0000000081800000, 0x0000000081900000, 0x0000000081900000|100%| O|  |TAMS 0x0000000081800000| PB 0x0000000081800000| Untracked 
|  25|0x0000000081900000, 0x0000000081a00000, 0x0000000081a00000|100%| O|  |TAMS 0x0000000081900000| PB 0x0000000081900000| Untracked 
|  26|0x0000000081a00000, 0x0000000081b00000, 0x0000000081b00000|100%| O|  |TAMS 0x0000000081a00000| PB 0x0000000081a00000| Untracked 
|  27|0x0000000081b00000, 0x0000000081c00000, 0x0000000081c00000|100%| O|  |TAMS 0x0000000081b00000| PB 0x0000000081b00000| Untracked 
|  28|0x0000000081c00000, 0x0000000081d00000, 0x0000000081d00000|100%| O|  |TAMS 0x0000000081c00000| PB 0x0000000081c00000| Untracked 
|  29|0x0000000081d00000, 0x0000000081e00000, 0x0000000081e00000|100%| O|  |TAMS 0x0000000081d00000| PB 0x0000000081d00000| Untracked 
|  30|0x0000000081e00000, 0x0000000081f00000, 0x0000000081f00000|100%| O|  |TAMS 0x0000000081e00000| PB 0x0000000081e00000| Untracked 
|  31|0x0000000081f00000, 0x0000000082000000, 0x0000000082000000|100%| O|  |TAMS 0x0000000081f00000| PB 0x0000000081f00000| Untracked 
|  32|0x0000000082000000, 0x0000000082100000, 0x0000000082100000|100%| O|  |TAMS 0x0000000082000000| PB 0x0000000082000000| Untracked 
|  33|0x0000000082100000, 0x0000000082200000, 0x0000000082200000|100%| O|Cm|TAMS 0x0000000082100000| PB 0x0000000082100000| Complete 
|  34|0x0000000082200000, 0x0000000082300000, 0x0000000082300000|100%| O|  |TAMS 0x0000000082200000| PB 0x0000000082200000| Untracked 
|  35|0x0000000082300000, 0x0000000082400000, 0x0000000082400000|100%| O|  |TAMS 0x0000000082300000| PB 0x0000000082300000| Untracked 
|  36|0x0000000082400000, 0x0000000082500000, 0x0000000082500000|100%| O|  |TAMS 0x0000000082400000| PB 0x0000000082400000| Untracked 
|  37|0x0000000082500000, 0x0000000082600000, 0x0000000082600000|100%| O|  |TAMS 0x0000000082500000| PB 0x0000000082500000| Untracked 
|  38|0x0000000082600000, 0x0000000082700000, 0x0000000082700000|100%| O|  |TAMS 0x0000000082600000| PB 0x0000000082600000| Untracked 
|  39|0x0000000082700000, 0x00000000827cb8e0, 0x0000000082800000| 79%| O|  |TAMS 0x0000000082700000| PB 0x0000000082700000| Untracked 
|  40|0x0000000082800000, 0x0000000082800000, 0x0000000082900000|  0%| F|  |TAMS 0x0000000082800000| PB 0x0000000082800000| Untracked 
|  41|0x0000000082900000, 0x0000000082900000, 0x0000000082a00000|  0%| F|  |TAMS 0x0000000082900000| PB 0x0000000082900000| Untracked 
|  42|0x0000000082a00000, 0x0000000082a00000, 0x0000000082b00000|  0%| F|  |TAMS 0x0000000082a00000| PB 0x0000000082a00000| Untracked 
|  43|0x0000000082b00000, 0x0000000082b00000, 0x0000000082c00000|  0%| F|  |TAMS 0x0000000082b00000| PB 0x0000000082b00000| Untracked 
|  44|0x0000000082c00000, 0x0000000082c00000, 0x0000000082d00000|  0%| F|  |TAMS 0x0000000082c00000| PB 0x0000000082c00000| Untracked 
|  45|0x0000000082d00000, 0x0000000082d00000, 0x0000000082e00000|  0%| F|  |TAMS 0x0000000082d00000| PB 0x0000000082d00000| Untracked 
|  46|0x0000000082e00000, 0x0000000082e00000, 0x0000000082f00000|  0%| F|  |TAMS 0x0000000082e00000| PB 0x0000000082e00000| Untracked 
|  47|0x0000000082f00000, 0x0000000082f00000, 0x0000000083000000|  0%| F|  |TAMS 0x0000000082f00000| PB 0x0000000082f00000| Untracked 
|  48|0x0000000083000000, 0x0000000083000000, 0x0000000083100000|  0%| F|  |TAMS 0x0000000083000000| PB 0x0000000083000000| Untracked 
|  49|0x0000000083100000, 0x0000000083100000, 0x0000000083200000|  0%| F|  |TAMS 0x0000000083100000| PB 0x0000000083100000| Untracked 
|  50|0x0000000083200000, 0x0000000083200000, 0x0000000083300000|  0%| F|  |TAMS 0x0000000083200000| PB 0x0000000083200000| Untracked 
|  51|0x0000000083300000, 0x0000000083300000, 0x0000000083400000|  0%| F|  |TAMS 0x0000000083300000| PB 0x0000000083300000| Untracked 
|  52|0x0000000083400000, 0x0000000083400000, 0x0000000083500000|  0%| F|  |TAMS 0x0000000083400000| PB 0x0000000083400000| Untracked 
|  53|0x0000000083500000, 0x0000000083500000, 0x0000000083600000|  0%| F|  |TAMS 0x0000000083500000| PB 0x0000000083500000| Untracked 
|  54|0x0000000083600000, 0x0000000083600000, 0x0000000083700000|  0%| F|  |TAMS 0x0000000083600000| PB 0x0000000083600000| Untracked 
|  55|0x0000000083700000, 0x0000000083700000, 0x0000000083800000|  0%| F|  |TAMS 0x0000000083700000| PB 0x0000000083700000| Untracked 
|  56|0x0000000083800000, 0x0000000083800000, 0x0000000083900000|  0%| F|  |TAMS 0x0000000083800000| PB 0x0000000083800000| Untracked 
|  57|0x0000000083900000, 0x0000000083900000, 0x0000000083a00000|  0%| F|  |TAMS 0x0000000083900000| PB 0x0000000083900000| Untracked 
|  58|0x0000000083a00000, 0x0000000083a00000, 0x0000000083b00000|  0%| F|  |TAMS 0x0000000083a00000| PB 0x0000000083a00000| Untracked 
|  59|0x0000000083b00000, 0x0000000083b00000, 0x0000000083c00000|  0%| F|  |TAMS 0x0000000083b00000| PB 0x0000000083b00000| Untracked 
|  60|0x0000000083c00000, 0x0000000083c00000, 0x0000000083d00000|  0%| F|  |TAMS 0x0000000083c00000| PB 0x0000000083c00000| Untracked 
|  61|0x0000000083d00000, 0x0000000083d00000, 0x0000000083e00000|  0%| F|  |TAMS 0x0000000083d00000| PB 0x0000000083d00000| Untracked 
|  62|0x0000000083e00000, 0x0000000083e00000, 0x0000000083f00000|  0%| F|  |TAMS 0x0000000083e00000| PB 0x0000000083e00000| Untracked 
|  63|0x0000000083f00000, 0x0000000083f00000, 0x0000000084000000|  0%| F|  |TAMS 0x0000000083f00000| PB 0x0000000083f00000| Untracked 
|  64|0x0000000084000000, 0x0000000084000000, 0x0000000084100000|  0%| F|  |TAMS 0x0000000084000000| PB 0x0000000084000000| Untracked 
|  65|0x0000000084100000, 0x0000000084100000, 0x0000000084200000|  0%| F|  |TAMS 0x0000000084100000| PB 0x0000000084100000| Untracked 
|  66|0x0000000084200000, 0x0000000084200000, 0x0000000084300000|  0%| F|  |TAMS 0x0000000084200000| PB 0x0000000084200000| Untracked 
|  67|0x0000000084300000, 0x0000000084300000, 0x0000000084400000|  0%| F|  |TAMS 0x0000000084300000| PB 0x0000000084300000| Untracked 
|  68|0x0000000084400000, 0x0000000084400000, 0x0000000084500000|  0%| F|  |TAMS 0x0000000084400000| PB 0x0000000084400000| Untracked 
|  69|0x0000000084500000, 0x0000000084500000, 0x0000000084600000|  0%| F|  |TAMS 0x0000000084500000| PB 0x0000000084500000| Untracked 
|  70|0x0000000084600000, 0x0000000084600000, 0x0000000084700000|  0%| F|  |TAMS 0x0000000084600000| PB 0x0000000084600000| Untracked 
|  71|0x0000000084700000, 0x0000000084700000, 0x0000000084800000|  0%| F|  |TAMS 0x0000000084700000| PB 0x0000000084700000| Untracked 
|  72|0x0000000084800000, 0x0000000084800000, 0x0000000084900000|  0%| F|  |TAMS 0x0000000084800000| PB 0x0000000084800000| Untracked 
|  73|0x0000000084900000, 0x0000000084900000, 0x0000000084a00000|  0%| F|  |TAMS 0x0000000084900000| PB 0x0000000084900000| Untracked 
|  74|0x0000000084a00000, 0x0000000084a00000, 0x0000000084b00000|  0%| F|  |TAMS 0x0000000084a00000| PB 0x0000000084a00000| Untracked 
|  75|0x0000000084b00000, 0x0000000084b00000, 0x0000000084c00000|  0%| F|  |TAMS 0x0000000084b00000| PB 0x0000000084b00000| Untracked 
|  76|0x0000000084c00000, 0x0000000084c00000, 0x0000000084d00000|  0%| F|  |TAMS 0x0000000084c00000| PB 0x0000000084c00000| Untracked 
|  77|0x0000000084d00000, 0x0000000084d00000, 0x0000000084e00000|  0%| F|  |TAMS 0x0000000084d00000| PB 0x0000000084d00000| Untracked 
|  78|0x0000000084e00000, 0x0000000084e00000, 0x0000000084f00000|  0%| F|  |TAMS 0x0000000084e00000| PB 0x0000000084e00000| Untracked 
|  79|0x0000000084f00000, 0x0000000084f00000, 0x0000000085000000|  0%| F|  |TAMS 0x0000000084f00000| PB 0x0000000084f00000| Untracked 
|  80|0x0000000085000000, 0x0000000085000000, 0x0000000085100000|  0%| F|  |TAMS 0x0000000085000000| PB 0x0000000085000000| Untracked 
|  81|0x0000000085100000, 0x0000000085100000, 0x0000000085200000|  0%| F|  |TAMS 0x0000000085100000| PB 0x0000000085100000| Untracked 
|  82|0x0000000085200000, 0x0000000085200000, 0x0000000085300000|  0%| F|  |TAMS 0x0000000085200000| PB 0x0000000085200000| Untracked 
|  83|0x0000000085300000, 0x0000000085300000, 0x0000000085400000|  0%| F|  |TAMS 0x0000000085300000| PB 0x0000000085300000| Untracked 
|  84|0x0000000085400000, 0x0000000085400000, 0x0000000085500000|  0%| F|  |TAMS 0x0000000085400000| PB 0x0000000085400000| Untracked 
|  85|0x0000000085500000, 0x0000000085500000, 0x0000000085600000|  0%| F|  |TAMS 0x0000000085500000| PB 0x0000000085500000| Untracked 
|  86|0x0000000085600000, 0x0000000085600000, 0x0000000085700000|  0%| F|  |TAMS 0x0000000085600000| PB 0x0000000085600000| Untracked 
|  87|0x0000000085700000, 0x0000000085700000, 0x0000000085800000|  0%| F|  |TAMS 0x0000000085700000| PB 0x0000000085700000| Untracked 
|  88|0x0000000085800000, 0x0000000085800000, 0x0000000085900000|  0%| F|  |TAMS 0x0000000085800000| PB 0x0000000085800000| Untracked 
|  89|0x0000000085900000, 0x0000000085900000, 0x0000000085a00000|  0%| F|  |TAMS 0x0000000085900000| PB 0x0000000085900000| Untracked 
|  90|0x0000000085a00000, 0x0000000085a00000, 0x0000000085b00000|  0%| F|  |TAMS 0x0000000085a00000| PB 0x0000000085a00000| Untracked 
|  91|0x0000000085b00000, 0x0000000085b00000, 0x0000000085c00000|  0%| F|  |TAMS 0x0000000085b00000| PB 0x0000000085b00000| Untracked 
|  92|0x0000000085c00000, 0x0000000085c00000, 0x0000000085d00000|  0%| F|  |TAMS 0x0000000085c00000| PB 0x0000000085c00000| Untracked 
|  93|0x0000000085d00000, 0x0000000085d00000, 0x0000000085e00000|  0%| F|  |TAMS 0x0000000085d00000| PB 0x0000000085d00000| Untracked 
|  94|0x0000000085e00000, 0x0000000085e00000, 0x0000000085f00000|  0%| F|  |TAMS 0x0000000085e00000| PB 0x0000000085e00000| Untracked 
|  95|0x0000000085f00000, 0x0000000085f00000, 0x0000000086000000|  0%| F|  |TAMS 0x0000000085f00000| PB 0x0000000085f00000| Untracked 
|  96|0x0000000086000000, 0x0000000086000000, 0x0000000086100000|  0%| F|  |TAMS 0x0000000086000000| PB 0x0000000086000000| Untracked 
|  97|0x0000000086100000, 0x0000000086100000, 0x0000000086200000|  0%| F|  |TAMS 0x0000000086100000| PB 0x0000000086100000| Untracked 
|  98|0x0000000086200000, 0x0000000086200000, 0x0000000086300000|  0%| F|  |TAMS 0x0000000086200000| PB 0x0000000086200000| Untracked 
|  99|0x0000000086300000, 0x0000000086300000, 0x0000000086400000|  0%| F|  |TAMS 0x0000000086300000| PB 0x0000000086300000| Untracked 
| 100|0x0000000086400000, 0x0000000086400000, 0x0000000086500000|  0%| F|  |TAMS 0x0000000086400000| PB 0x0000000086400000| Untracked 
| 101|0x0000000086500000, 0x0000000086500000, 0x0000000086600000|  0%| F|  |TAMS 0x0000000086500000| PB 0x0000000086500000| Untracked 
| 102|0x0000000086600000, 0x0000000086600000, 0x0000000086700000|  0%| F|  |TAMS 0x0000000086600000| PB 0x0000000086600000| Untracked 
| 103|0x0000000086700000, 0x0000000086700000, 0x0000000086800000|  0%| F|  |TAMS 0x0000000086700000| PB 0x0000000086700000| Untracked 
| 104|0x0000000086800000, 0x0000000086800000, 0x0000000086900000|  0%| F|  |TAMS 0x0000000086800000| PB 0x0000000086800000| Untracked 
| 105|0x0000000086900000, 0x0000000086900000, 0x0000000086a00000|  0%| F|  |TAMS 0x0000000086900000| PB 0x0000000086900000| Untracked 
| 106|0x0000000086a00000, 0x0000000086a00000, 0x0000000086b00000|  0%| F|  |TAMS 0x0000000086a00000| PB 0x0000000086a00000| Untracked 
| 107|0x0000000086b00000, 0x0000000086b00000, 0x0000000086c00000|  0%| F|  |TAMS 0x0000000086b00000| PB 0x0000000086b00000| Untracked 
| 108|0x0000000086c00000, 0x0000000086c11028, 0x0000000086d00000|  6%| E|  |TAMS 0x0000000086c00000| PB 0x0000000086c00000| Complete 
| 109|0x0000000086d00000, 0x0000000086e00000, 0x0000000086e00000|100%| E|CS|TAMS 0x0000000086d00000| PB 0x0000000086d00000| Complete 
| 110|0x0000000086e00000, 0x0000000086f00000, 0x0000000086f00000|100%| E|CS|TAMS 0x0000000086e00000| PB 0x0000000086e00000| Complete 
| 111|0x0000000086f00000, 0x0000000087000000, 0x0000000087000000|100%| E|CS|TAMS 0x0000000086f00000| PB 0x0000000086f00000| Complete 
| 112|0x0000000087000000, 0x0000000087100000, 0x0000000087100000|100%| E|CS|TAMS 0x0000000087000000| PB 0x0000000087000000| Complete 
| 113|0x0000000087100000, 0x0000000087200000, 0x0000000087200000|100%| E|CS|TAMS 0x0000000087100000| PB 0x0000000087100000| Complete 
| 114|0x0000000087200000, 0x0000000087300000, 0x0000000087300000|100%| E|CS|TAMS 0x0000000087200000| PB 0x0000000087200000| Complete 
| 115|0x0000000087300000, 0x0000000087400000, 0x0000000087400000|100%| E|CS|TAMS 0x0000000087300000| PB 0x0000000087300000| Complete 
| 116|0x0000000087400000, 0x0000000087500000, 0x0000000087500000|100%| E|CS|TAMS 0x0000000087400000| PB 0x0000000087400000| Complete 
| 117|0x0000000087500000, 0x0000000087600000, 0x0000000087600000|100%| E|CS|TAMS 0x0000000087500000| PB 0x0000000087500000| Complete 
| 118|0x0000000087600000, 0x0000000087700000, 0x0000000087700000|100%| E|CS|TAMS 0x0000000087600000| PB 0x0000000087600000| Complete 
| 119|0x0000000087700000, 0x0000000087800000, 0x0000000087800000|100%| E|CS|TAMS 0x0000000087700000| PB 0x0000000087700000| Complete 
| 120|0x0000000087800000, 0x0000000087900000, 0x0000000087900000|100%| E|CS|TAMS 0x0000000087800000| PB 0x0000000087800000| Complete 
| 121|0x0000000087900000, 0x0000000087a00000, 0x0000000087a00000|100%| E|CS|TAMS 0x0000000087900000| PB 0x0000000087900000| Complete 
| 122|0x0000000087a00000, 0x0000000087b00000, 0x0000000087b00000|100%| E|CS|TAMS 0x0000000087a00000| PB 0x0000000087a00000| Complete 
| 123|0x0000000087b00000, 0x0000000087c00000, 0x0000000087c00000|100%| E|CS|TAMS 0x0000000087b00000| PB 0x0000000087b00000| Complete 
| 124|0x0000000087c00000, 0x0000000087d00000, 0x0000000087d00000|100%| E|CS|TAMS 0x0000000087c00000| PB 0x0000000087c00000| Complete 
| 125|0x0000000087d00000, 0x0000000087e00000, 0x0000000087e00000|100%| E|CS|TAMS 0x0000000087d00000| PB 0x0000000087d00000| Complete 
| 126|0x0000000087e00000, 0x0000000087f00000, 0x0000000087f00000|100%| E|CS|TAMS 0x0000000087e00000| PB 0x0000000087e00000| Complete 
| 127|0x0000000087f00000, 0x0000000088000000, 0x0000000088000000|100%| E|CS|TAMS 0x0000000087f00000| PB 0x0000000087f00000| Complete 
| 128|0x0000000088000000, 0x0000000088100000, 0x0000000088100000|100%| E|CS|TAMS 0x0000000088000000| PB 0x0000000088000000| Complete 
| 129|0x0000000088100000, 0x0000000088200000, 0x0000000088200000|100%| E|CS|TAMS 0x0000000088100000| PB 0x0000000088100000| Complete 
| 130|0x0000000088200000, 0x0000000088300000, 0x0000000088300000|100%| E|CS|TAMS 0x0000000088200000| PB 0x0000000088200000| Complete 
| 131|0x0000000088300000, 0x0000000088400000, 0x0000000088400000|100%| E|CS|TAMS 0x0000000088300000| PB 0x0000000088300000| Complete 
| 132|0x0000000088400000, 0x0000000088500000, 0x0000000088500000|100%| E|CS|TAMS 0x0000000088400000| PB 0x0000000088400000| Complete 
| 133|0x0000000088500000, 0x0000000088600000, 0x0000000088600000|100%| E|CS|TAMS 0x0000000088500000| PB 0x0000000088500000| Complete 
| 342|0x0000000095600000, 0x00000000956c9840, 0x0000000095700000| 78%| S|CS|TAMS 0x0000000095600000| PB 0x0000000095600000| Complete 
| 343|0x0000000095700000, 0x0000000095800000, 0x0000000095800000|100%| S|CS|TAMS 0x0000000095700000| PB 0x0000000095700000| Complete 
| 375|0x0000000097700000, 0x0000000097800000, 0x0000000097800000|100%| E|CS|TAMS 0x0000000097700000| PB 0x0000000097700000| Complete 

Card table byte_map: [0x000001f1f9410000,0x000001f1f9810000] _byte_map_base: 0x000001f1f9010000

Marking Bits: (CMBitMap*) 0x000001f1e449d4b0
 Bits: [0x000001f1f9810000, 0x000001f1fb810000)

Polling page: 0x000001f1e5f60000

Metaspace:

Usage:
  Non-class:     53.94 MB used.
      Class:      8.36 MB used.
       Both:     62.30 MB used.

Virtual space:
  Non-class space:       64.00 MB reserved,      54.75 MB ( 86%) committed,  1 nodes.
      Class space:        1.00 GB reserved,       9.12 MB ( <1%) committed,  1 nodes.
             Both:        1.06 GB reserved,      63.88 MB (  6%) committed. 

Chunk freelists:
   Non-Class:  8.83 MB
       Class:  6.72 MB
        Both:  15.55 MB

MaxMetaspaceSize: unlimited
CompressedClassSpaceSize: 1.00 GB
Initial GC threshold: 21.00 MB
Current GC threshold: 99.00 MB
CDS: off
 - commit_granule_bytes: 65536.
 - commit_granule_words: 8192.
 - virtual_space_node_default_size: 8388608.
 - enlarge_chunks_in_place: 1.
 - use_allocation_guard: 0.


Internal statistics:

num_allocs_failed_limit: 12.
num_arena_births: 2878.
num_arena_deaths: 0.
num_vsnodes_births: 2.
num_vsnodes_deaths: 0.
num_space_committed: 1022.
num_space_uncommitted: 0.
num_chunks_returned_to_freelist: 12.
num_chunks_taken_from_freelist: 5330.
num_chunk_merges: 12.
num_chunk_splits: 3426.
num_chunks_enlarged: 2109.
num_inconsistent_stats: 0.

CodeHeap 'non-profiled nmethods': size=119168Kb used=3394Kb max_used=3394Kb free=115773Kb
 bounds [0x000001f1f0c00000, 0x000001f1f0f60000, 0x000001f1f8060000]
CodeHeap 'profiled nmethods': size=119104Kb used=10646Kb max_used=10646Kb free=108457Kb
 bounds [0x000001f1e9060000, 0x000001f1e9ad0000, 0x000001f1f04b0000]
CodeHeap 'non-nmethods': size=7488Kb used=4440Kb max_used=4469Kb free=3047Kb
 bounds [0x000001f1f04b0000, 0x000001f1f0920000, 0x000001f1f0c00000]
 total_blobs=6431 nmethods=5535 adapters=797
 compilation: enabled
              stopped_count=0, restarted_count=0
 full_count=0

Compilation events (20 events):
Event: 10.407 Thread 0x000001f1fea64290 nmethod 6076 0x000001f1e9aae390 code [0x000001f1e9aae540, 0x000001f1e9aae7f0]
Event: 10.407 Thread 0x000001f1888786f0 6077       4       java.util.ArrayList::toArray (57 bytes)
Event: 10.407 Thread 0x000001f1fea63bc0 6078       4       java.nio.Buffer::remaining (20 bytes)
Event: 10.408 Thread 0x000001f1fea612e0 nmethod 6074 0x000001f1e9aae910 code [0x000001f1e9aaec40, 0x000001f1e9ab0038]
Event: 10.408 Thread 0x000001f1fea63bc0 nmethod 6078 0x000001f1f0db9490 code [0x000001f1f0db9620, 0x000001f1f0db96b8]
Event: 10.409 Thread 0x000001f1fea64290 6080       3       java.math.BigInteger::compareMagnitude (96 bytes)
Event: 10.409 Thread 0x000001f1fea64290 nmethod 6080 0x000001f1e9ab0690 code [0x000001f1e9ab0860, 0x000001f1e9ab0bf0]
Event: 10.409 Thread 0x000001f1fea63bc0 6081       4       sun.security.util.DerInputStream::available (10 bytes)
Event: 10.409 Thread 0x000001f1fea63bc0 nmethod 6081 0x000001f1f0db8d90 code [0x000001f1f0db8f20, 0x000001f1f0db8fb0]
Event: 10.410 Thread 0x000001f1fea619b0 6082  s    3       java.io.ByteArrayOutputStream::toByteArray (12 bytes)
Event: 10.410 Thread 0x000001f1fea62080 6083       3       sun.security.jca.ProviderList$ServiceList::tryGet (304 bytes)
Event: 10.410 Thread 0x000001f1fea619b0 nmethod 6082 0x000001f1e9ab0d90 code [0x000001f1e9ab0f40, 0x000001f1e9ab1150]
Event: 10.410 Thread 0x000001f1888786f0 nmethod 6077 0x000001f1f0db8390 code [0x000001f1f0db8540, 0x000001f1f0db8b68]
Event: 10.411 Thread 0x000001f1fea62080 nmethod 6083 0x000001f1e9ab1210 code [0x000001f1e9ab1580, 0x000001f1e9ab2a80]
Event: 10.412 Thread 0x000001f1fea612e0 6084       1       sun.security.x509.X509CertImpl::getEncodedInternal (5 bytes)
Event: 10.412 Thread 0x000001f1fea612e0 nmethod 6084 0x000001f1f0db8090 code [0x000001f1f0db8220, 0x000001f1f0db82e8]
Event: 10.413 Thread 0x000001f1fea612e0 6085       3       sun.security.provider.SHA2::implCompress0 (448 bytes)
Event: 10.414 Thread 0x000001f1fea619b0 6086       3       sun.security.provider.DigestBase::engineDigest (112 bytes)
Event: 10.414 Thread 0x000001f1fea612e0 nmethod 6085 0x000001f1e9ab3190 code [0x000001f1e9ab33e0, 0x000001f1e9ab3fc8]
Event: 10.414 Thread 0x000001f1fea619b0 nmethod 6086 0x000001f1e9ab4710 code [0x000001f1e9ab49e0, 0x000001f1e9ab55c0]

GC Heap History (20 events):
Event: 0.532 GC heap before
{Heap before GC invocations=0 (full 0):
 garbage-first heap   total 385024K, used 22528K [0x0000000080000000, 0x0000000100000000)
  region size 1024K, 23 young (23552K), 0 survivors (0K)
 Metaspace       used 7987K, committed 8128K, reserved 1114112K
  class space    used 709K, committed 768K, reserved 1048576K
}
Event: 0.535 GC heap after
{Heap after GC invocations=1 (full 0):
 garbage-first heap   total 385024K, used 2417K [0x0000000080000000, 0x0000000100000000)
  region size 1024K, 3 young (3072K), 3 survivors (3072K)
 Metaspace       used 7987K, committed 8128K, reserved 1114112K
  class space    used 709K, committed 768K, reserved 1048576K
}
Event: 1.059 GC heap before
{Heap before GC invocations=1 (full 0):
 garbage-first heap   total 385024K, used 41329K [0x0000000080000000, 0x0000000100000000)
  region size 1024K, 39 young (39936K), 3 survivors (3072K)
 Metaspace       used 12244K, committed 12480K, reserved 1114112K
  class space    used 1276K, committed 1408K, reserved 1048576K
}
Event: 1.062 GC heap after
{Heap after GC invocations=2 (full 0):
 garbage-first heap   total 385024K, used 10683K [0x0000000080000000, 0x0000000100000000)
  region size 1024K, 5 young (5120K), 5 survivors (5120K)
 Metaspace       used 12244K, committed 12480K, reserved 1114112K
  class space    used 1276K, committed 1408K, reserved 1048576K
}
Event: 1.444 GC heap before
{Heap before GC invocations=2 (full 0):
 garbage-first heap   total 385024K, used 61883K [0x0000000080000000, 0x0000000100000000)
  region size 1024K, 54 young (55296K), 5 survivors (5120K)
 Metaspace       used 14963K, committed 15168K, reserved 1114112K
  class space    used 1617K, committed 1728K, reserved 1048576K
}
Event: 1.448 GC heap after
{Heap after GC invocations=3 (full 0):
 garbage-first heap   total 385024K, used 17385K [0x0000000080000000, 0x0000000100000000)
  region size 1024K, 7 young (7168K), 7 survivors (7168K)
 Metaspace       used 14963K, committed 15168K, reserved 1114112K
  class space    used 1617K, committed 1728K, reserved 1048576K
}
Event: 1.817 GC heap before
{Heap before GC invocations=3 (full 0):
 garbage-first heap   total 385024K, used 41961K [0x0000000080000000, 0x0000000100000000)
  region size 1024K, 32 young (32768K), 7 survivors (7168K)
 Metaspace       used 21260K, committed 21504K, reserved 1114112K
  class space    used 2451K, committed 2560K, reserved 1048576K
}
Event: 1.820 GC heap after
{Heap after GC invocations=4 (full 0):
 garbage-first heap   total 385024K, used 19339K [0x0000000080000000, 0x0000000100000000)
  region size 1024K, 9 young (9216K), 9 survivors (9216K)
 Metaspace       used 21260K, committed 21504K, reserved 1114112K
  class space    used 2451K, committed 2560K, reserved 1048576K
}
Event: 2.431 GC heap before
{Heap before GC invocations=5 (full 0):
 garbage-first heap   total 65536K, used 64395K [0x0000000080000000, 0x0000000100000000)
  region size 1024K, 54 young (55296K), 9 survivors (9216K)
 Metaspace       used 28376K, committed 28992K, reserved 1114112K
  class space    used 3605K, committed 3904K, reserved 1048576K
}
Event: 2.437 GC heap after
{Heap after GC invocations=6 (full 0):
 garbage-first heap   total 77824K, used 22158K [0x0000000080000000, 0x0000000100000000)
  region size 1024K, 12 young (12288K), 12 survivors (12288K)
 Metaspace       used 28376K, committed 28992K, reserved 1114112K
  class space    used 3605K, committed 3904K, reserved 1048576K
}
Event: 2.853 GC heap before
{Heap before GC invocations=6 (full 0):
 garbage-first heap   total 77824K, used 54926K [0x0000000080000000, 0x0000000100000000)
  region size 1024K, 45 young (46080K), 12 survivors (12288K)
 Metaspace       used 32523K, committed 33280K, reserved 1114112K
  class space    used 4297K, committed 4672K, reserved 1048576K
}
Event: 2.857 GC heap after
{Heap after GC invocations=7 (full 0):
 garbage-first heap   total 77824K, used 25040K [0x0000000080000000, 0x0000000100000000)
  region size 1024K, 6 young (6144K), 6 survivors (6144K)
 Metaspace       used 32523K, committed 33280K, reserved 1114112K
  class space    used 4297K, committed 4672K, reserved 1048576K
}
Event: 7.764 GC heap before
{Heap before GC invocations=7 (full 0):
 garbage-first heap   total 77824K, used 44496K [0x0000000080000000, 0x0000000100000000)
  region size 1024K, 26 young (26624K), 6 survivors (6144K)
 Metaspace       used 35303K, committed 36096K, reserved 1114112K
  class space    used 4747K, committed 5120K, reserved 1048576K
}
Event: 7.769 GC heap after
{Heap after GC invocations=8 (full 0):
 garbage-first heap   total 77824K, used 25364K [0x0000000080000000, 0x0000000100000000)
  region size 1024K, 4 young (4096K), 4 survivors (4096K)
 Metaspace       used 35303K, committed 36096K, reserved 1114112K
  class space    used 4747K, committed 5120K, reserved 1048576K
}
Event: 8.224 GC heap before
{Heap before GC invocations=9 (full 0):
 garbage-first heap   total 77824K, used 65300K [0x0000000080000000, 0x0000000100000000)
  region size 1024K, 43 young (44032K), 4 survivors (4096K)
 Metaspace       used 41085K, committed 42304K, reserved 1114112K
  class space    used 5607K, committed 6208K, reserved 1048576K
}
Event: 8.228 GC heap after
{Heap after GC invocations=10 (full 0):
 garbage-first heap   total 231424K, used 28141K [0x0000000080000000, 0x0000000100000000)
  region size 1024K, 6 young (6144K), 6 survivors (6144K)
 Metaspace       used 41085K, committed 42304K, reserved 1114112K
  class space    used 5607K, committed 6208K, reserved 1048576K
}
Event: 9.918 GC heap before
{Heap before GC invocations=10 (full 0):
 garbage-first heap   total 231424K, used 164333K [0x0000000080000000, 0x0000000100000000)
  region size 1024K, 135 young (138240K), 6 survivors (6144K)
 Metaspace       used 57767K, committed 59264K, reserved 1114112K
  class space    used 7866K, committed 8576K, reserved 1048576K
}
Event: 9.927 GC heap after
{Heap after GC invocations=11 (full 0):
 garbage-first heap   total 231424K, used 39543K [0x0000000080000000, 0x0000000100000000)
  region size 1024K, 17 young (17408K), 17 survivors (17408K)
 Metaspace       used 57767K, committed 59264K, reserved 1114112K
  class space    used 7866K, committed 8576K, reserved 1048576K
}
Event: 10.005 GC heap before
{Heap before GC invocations=11 (full 0):
 garbage-first heap   total 231424K, used 47735K [0x0000000080000000, 0x0000000100000000)
  region size 1024K, 25 young (25600K), 17 survivors (17408K)
 Metaspace       used 58795K, committed 60288K, reserved 1114112K
  class space    used 7971K, committed 8704K, reserved 1048576K
}
Event: 10.012 GC heap after
{Heap after GC invocations=12 (full 0):
 garbage-first heap   total 231424K, used 41556K [0x0000000080000000, 0x0000000100000000)
  region size 1024K, 2 young (2048K), 2 survivors (2048K)
 Metaspace       used 58795K, committed 60288K, reserved 1114112K
  class space    used 7971K, committed 8704K, reserved 1048576K
}

Dll operation events (3 events):
Event: 0.010 Loaded shared library C:\Program Files\Android\Android Studio\jbr\bin\java.dll
Event: 0.017 Loaded shared library C:\Program Files\Android\Android Studio\jbr\bin\zip.dll
Event: 0.626 Loaded shared library C:\Program Files\Android\Android Studio\jbr\bin\verify.dll

Deoptimization events (20 events):
Event: 10.325 Thread 0x000001f18551a730 Uncommon trap: trap_request=0xffffff45 fr.pc=0x000001f1f0c912ac relative=0x000000000000042c
Event: 10.325 Thread 0x000001f18551a730 Uncommon trap: reason=unstable_if action=reinterpret pc=0x000001f1f0c912ac method=java.lang.StringLatin1.compareToCI([B[B)I @ 68 c2
Event: 10.325 Thread 0x000001f18551a730 DEOPT PACKING pc=0x000001f1f0c912ac sp=0x0000008ba93f6080
Event: 10.325 Thread 0x000001f18551a730 DEOPT UNPACKING pc=0x000001f1f05046a2 sp=0x0000008ba93f5f70 mode 2
Event: 10.325 Thread 0x000001f18551a730 Uncommon trap: trap_request=0xffffff45 fr.pc=0x000001f1f0c8e1b0 relative=0x0000000000000350
Event: 10.325 Thread 0x000001f18551a730 Uncommon trap: reason=unstable_if action=reinterpret pc=0x000001f1f0c8e1b0 method=java.lang.StringLatin1.compareToCI([B[B)I @ 68 c2
Event: 10.325 Thread 0x000001f18551a730 DEOPT PACKING pc=0x000001f1f0c8e1b0 sp=0x0000008ba93f5fe0
Event: 10.325 Thread 0x000001f18551a730 DEOPT UNPACKING pc=0x000001f1f05046a2 sp=0x0000008ba93f5f68 mode 2
Event: 10.327 Thread 0x000001f18551a730 Uncommon trap: trap_request=0xffffff45 fr.pc=0x000001f1f0e45e2c relative=0x000000000000008c
Event: 10.327 Thread 0x000001f18551a730 Uncommon trap: reason=unstable_if action=reinterpret pc=0x000001f1f0e45e2c method=jdk.internal.misc.Unsafe.convEndian(ZJ)J @ 4 c2
Event: 10.327 Thread 0x000001f18551a730 DEOPT PACKING pc=0x000001f1f0e45e2c sp=0x0000008ba93f4560
Event: 10.327 Thread 0x000001f18551a730 DEOPT UNPACKING pc=0x000001f1f05046a2 sp=0x0000008ba93f4488 mode 2
Event: 10.406 Thread 0x000001f18551a730 Uncommon trap: trap_request=0xffffffdc fr.pc=0x000001f1f0db9bb0 relative=0x0000000000000270
Event: 10.406 Thread 0x000001f18551a730 Uncommon trap: reason=class_check action=make_not_entrant pc=0x000001f1f0db9bb0 method=java.util.ArrayList.toArray([Ljava/lang/Object;)[Ljava/lang/Object; @ 21 c2
Event: 10.406 Thread 0x000001f18551a730 DEOPT PACKING pc=0x000001f1f0db9bb0 sp=0x0000008ba93f7250
Event: 10.406 Thread 0x000001f18551a730 DEOPT UNPACKING pc=0x000001f1f05046a2 sp=0x0000008ba93f7200 mode 2
Event: 10.411 Thread 0x000001f18551a730 Uncommon trap: trap_request=0xffffffcc fr.pc=0x000001f1f0db879c relative=0x000000000000025c
Event: 10.411 Thread 0x000001f18551a730 Uncommon trap: reason=intrinsic_or_type_checked_inlining action=make_not_entrant pc=0x000001f1f0db879c method=java.util.ArrayList.toArray([Ljava/lang/Object;)[Ljava/lang/Object; @ 36 c2
Event: 10.411 Thread 0x000001f18551a730 DEOPT PACKING pc=0x000001f1f0db879c sp=0x0000008ba93f7430
Event: 10.411 Thread 0x000001f18551a730 DEOPT UNPACKING pc=0x000001f1f05046a2 sp=0x0000008ba93f7410 mode 2

Classes loaded (20 events):
Event: 10.415 Loading class javax/net/SocketFactory
Event: 10.415 Loading class javax/net/SocketFactory done
Event: 10.415 Loading class javax/net/ssl/SSLSocketFactory done
Event: 10.415 Loading class sun/security/ssl/SSLSocketFactoryImpl done
Event: 10.415 Loading class sun/security/ssl/SSLSocketImpl
Event: 10.415 Loading class sun/security/ssl/SSLTransport
Event: 10.415 Loading class sun/security/ssl/SSLTransport done
Event: 10.415 Loading class sun/security/ssl/BaseSSLSocketImpl
Event: 10.415 Loading class javax/net/ssl/SSLSocket
Event: 10.415 Loading class javax/net/ssl/SSLSocket done
Event: 10.415 Loading class sun/security/ssl/BaseSSLSocketImpl done
Event: 10.415 Loading class sun/security/ssl/SSLSocketImpl done
Event: 10.416 Loading class sun/nio/ch/NioSocketImpl
Event: 10.416 Loading class sun/net/PlatformSocketImpl
Event: 10.416 Loading class sun/net/PlatformSocketImpl done
Event: 10.416 Loading class sun/nio/ch/NioSocketImpl done
Event: 10.416 Loading class java/net/SocksSocketImpl
Event: 10.416 Loading class java/net/SocksConsts
Event: 10.417 Loading class java/net/SocksConsts done
Event: 10.417 Loading class java/net/DelegatingSocketImpl

Classes unloaded (0 events):
No events

Classes redefined (0 events):
No events

Internal exceptions (20 events):
Event: 10.042 Thread 0x000001f18551a730 Exception <a 'java/lang/NoSuchMethodError'{0x00000000885e4198}: 'java.lang.Object java.lang.invoke.DirectMethodHandle$Holder.invokeVirtual(java.lang.Object, java.lang.Object, java.lang.Object, java.lang.Object, java.lang.Object, java.lang.Object, java.lang.Object, java.lang.Object, java.lang.Object, java.lang.Object, java.lang.Object, java.lang.Object, java.lang.Object, java.lang.Object, java.lang.Object, java.lang.Object, java.lang.Object)'> (0x00000000885e4198) 
thrown [s\src\hotspot\share\interpreter\li
Event: 10.042 Thread 0x000001f18551a730 Exception <a 'java/lang/NoSuchMethodError'{0x00000000885ea1a0}: 'java.lang.Object java.lang.invoke.DirectMethodHandle$Holder.invokeSpecial(java.lang.Object, java.lang.Object, java.lang.Object, java.lang.Object, java.lang.Object, java.lang.Object, java.lang.Object, java.lang.Object, java.lang.Object, java.lang.Object, java.lang.Object, java.lang.Object, java.lang.Object, java.lang.Object, java.lang.Object, java.lang.Object, java.lang.Object, java.lang.Object)'> (0x00000000885ea1a0) 
thrown [s\src\hotspot\sh
Event: 10.042 Thread 0x000001f18551a730 Exception <a 'java/lang/NoSuchMethodError'{0x00000000885ef6f8}: 'java.lang.Object java.lang.invoke.DelegatingMethodHandle$Holder.reinvoke_L(java.lang.Object, java.lang.Object, java.lang.Object, java.lang.Object, java.lang.Object, java.lang.Object, java.lang.Object, java.lang.Object, java.lang.Object, java.lang.Object, java.lang.Object, java.lang.Object, java.lang.Object, java.lang.Object, java.lang.Object, java.lang.Object, java.lang.Object)'> (0x00000000885ef6f8) 
thrown [s\src\hotspot\share\interpreter\l
Event: 10.075 Thread 0x000001f18551a730 Exception <a 'java/lang/ClassNotFoundException'{0x0000000088221108}: build_75p6rhmbxi7ikt0t476lzw3ziBeanInfo> (0x0000000088221108) 
thrown [s\src\hotspot\share\classfile\systemDictionary.cpp, line 312]
Event: 10.075 Thread 0x000001f18551a730 Exception <a 'java/lang/ClassNotFoundException'{0x000000008822a9b0}: org/gradle/api/internal/project/ProjectScriptBeanInfo> (0x000000008822a9b0) 
thrown [s\src\hotspot\share\classfile\systemDictionary.cpp, line 312]
Event: 10.075 Thread 0x000001f18551a730 Exception <a 'java/lang/ClassNotFoundException'{0x0000000088234348}: org/gradle/api/internal/project/ProjectScriptCustomizer> (0x0000000088234348) 
thrown [s\src\hotspot\share\classfile\systemDictionary.cpp, line 312]
Event: 10.077 Thread 0x000001f18551a730 Exception <a 'java/lang/ClassNotFoundException'{0x000000008824b958}: build_75p6rhmbxi7ikt0t476lzw3ziCustomizer> (0x000000008824b958) 
thrown [s\src\hotspot\share\classfile\systemDictionary.cpp, line 312]
Event: 10.087 Thread 0x000001f18551a730 Exception <a 'java/lang/ClassNotFoundException'{0x00000000882cacd0}: org/gradle/plugin/use/internal/PluginRequestCollector$PluginDependenciesSpecImplBeanInfo> (0x00000000882cacd0) 
thrown [s\src\hotspot\share\classfile\systemDictionary.cpp, line 312]
Event: 10.087 Thread 0x000001f18551a730 Exception <a 'java/lang/ClassNotFoundException'{0x00000000882dc3b0}: org/gradle/plugin/use/internal/PluginRequestCollector$PluginDependenciesSpecImplCustomizer> (0x00000000882dc3b0) 
thrown [s\src\hotspot\share\classfile\systemDictionary.cpp, line 312]
Event: 10.088 Thread 0x000001f18551a730 Exception <a 'java/lang/NoSuchMethodError'{0x00000000882ea890}: 'java.lang.Object java.lang.invoke.DirectMethodHandle$Holder.invokeVirtual(java.lang.Object, java.lang.Object, java.lang.Object, int)'> (0x00000000882ea890) 
thrown [s\src\hotspot\share\interpreter\linkResolver.cpp, line 784]
Event: 10.092 Thread 0x000001f18551a730 Exception <a 'java/lang/ClassNotFoundException'{0x0000000088150200}: org/gradle/plugin/use/internal/PluginRequestCollector$PluginDependencySpecImplBeanInfo> (0x0000000088150200) 
thrown [s\src\hotspot\share\classfile\systemDictionary.cpp, line 312]
Event: 10.093 Thread 0x000001f18551a730 Exception <a 'java/lang/ClassNotFoundException'{0x0000000088161880}: org/gradle/plugin/use/internal/PluginRequestCollector$PluginDependencySpecImplCustomizer> (0x0000000088161880) 
thrown [s\src\hotspot\share\classfile\systemDictionary.cpp, line 312]
Event: 10.155 Thread 0x000001f18551a730 Exception <a 'java/lang/NoSuchMethodError'{0x0000000087e8e148}: 'int java.lang.invoke.DirectMethodHandle$Holder.invokeSpecialIFC(java.lang.Object, java.lang.Object, java.lang.Object)'> (0x0000000087e8e148) 
thrown [s\src\hotspot\share\interpreter\linkResolver.cpp, line 784]
Event: 10.223 Thread 0x000001f18551a730 Exception <a 'java/lang/NoSuchMethodError'{0x0000000087be96f8}: 'java.lang.Object java.lang.invoke.DirectMethodHandle$Holder.newInvokeSpecial(java.lang.Object, java.lang.Object, java.lang.Object, java.lang.Object, int)'> (0x0000000087be96f8) 
thrown [s\src\hotspot\share\interpreter\linkResolver.cpp, line 784]
Event: 10.223 Thread 0x000001f18551a730 Exception <a 'java/lang/NoSuchMethodError'{0x0000000087bee7b0}: 'java.lang.Object java.lang.invoke.DirectMethodHandle$Holder.invokeSpecial(java.lang.Object, java.lang.Object, java.lang.Object, java.lang.Object, java.lang.Object, int)'> (0x0000000087bee7b0) 
thrown [s\src\hotspot\share\interpreter\linkResolver.cpp, line 784]
Event: 10.223 Thread 0x000001f18551a730 Exception <a 'java/lang/NoSuchMethodError'{0x0000000087bf31e0}: 'java.lang.Object java.lang.invoke.Invokers$Holder.linkToTargetMethod(java.lang.Object, java.lang.Object, java.lang.Object, int, java.lang.Object)'> (0x0000000087bf31e0) 
thrown [s\src\hotspot\share\interpreter\linkResolver.cpp, line 784]
Event: 10.228 Thread 0x000001f18551a730 Exception <a 'java/lang/NoSuchMethodError'{0x0000000087a27630}: 'java.lang.Object java.lang.invoke.DirectMethodHandle$Holder.invokeSpecial(java.lang.Object, java.lang.Object, java.lang.Object, java.lang.Object, java.lang.Object, long)'> (0x0000000087a27630) 
thrown [s\src\hotspot\share\interpreter\linkResolver.cpp, line 784]
Event: 10.229 Thread 0x000001f18551a730 Exception <a 'java/lang/NoSuchMethodError'{0x0000000087a48120}: 'void java.lang.invoke.DirectMethodHandle$Holder.invokeStatic(java.lang.Object, java.lang.Object, java.lang.Object, int, java.lang.Object)'> (0x0000000087a48120) 
thrown [s\src\hotspot\share\interpreter\linkResolver.cpp, line 784]
Event: 10.302 Thread 0x000001f18551a730 Exception <a 'sun/nio/fs/WindowsException'{0x00000000878fee08}> (0x00000000878fee08) 
thrown [s\src\hotspot\share\prims\jni.cpp, line 535]
Event: 10.359 Thread 0x000001f18551a730 Exception <a 'java/lang/NoSuchMethodError'{0x0000000087408b08}: 'void java.lang.invoke.DirectMethodHandle$Holder.invokeVirtual(java.lang.Object, java.lang.Object)'> (0x0000000087408b08) 
thrown [s\src\hotspot\share\interpreter\linkResolver.cpp, line 784]

ZGC Phase Switch (0 events):
No events

VM Operations (20 events):
Event: 10.005 Executing VM operation: CollectForMetadataAllocation (Metadata GC Threshold)
Event: 10.012 Executing VM operation: CollectForMetadataAllocation (Metadata GC Threshold) done
Event: 10.014 Executing VM operation: CollectForMetadataAllocation (Metadata GC Threshold)
Event: 10.014 Executing VM operation: CollectForMetadataAllocation (Metadata GC Threshold) done
Event: 10.021 Executing VM operation: G1PauseRemark
Event: 10.024 Executing VM operation: G1PauseRemark done
Event: 10.030 Executing VM operation: G1PauseCleanup
Event: 10.030 Executing VM operation: G1PauseCleanup done
Event: 10.260 Executing VM operation: HandshakeAllThreads (Deoptimize)
Event: 10.260 Executing VM operation: HandshakeAllThreads (Deoptimize) done
Event: 10.303 Executing VM operation: HandshakeAllThreads (Deoptimize)
Event: 10.303 Executing VM operation: HandshakeAllThreads (Deoptimize) done
Event: 10.309 Executing VM operation: HandshakeAllThreads (Deoptimize)
Event: 10.309 Executing VM operation: HandshakeAllThreads (Deoptimize) done
Event: 10.310 Executing VM operation: HandshakeAllThreads (Deoptimize)
Event: 10.310 Executing VM operation: HandshakeAllThreads (Deoptimize) done
Event: 10.353 Executing VM operation: HandshakeAllThreads (Deoptimize)
Event: 10.353 Executing VM operation: HandshakeAllThreads (Deoptimize) done
Event: 10.371 Executing VM operation: HandshakeAllThreads (Deoptimize)
Event: 10.371 Executing VM operation: HandshakeAllThreads (Deoptimize) done

Memory protections (0 events):
No events

Nmethod flushes (20 events):
Event: 10.023 Thread 0x000001f1fe9c6cd0 flushing  nmethod 0x000001f1e9077790
Event: 10.023 Thread 0x000001f1fe9c6cd0 flushing  nmethod 0x000001f1e90b1790
Event: 10.023 Thread 0x000001f1fe9c6cd0 flushing  nmethod 0x000001f1e90b3610
Event: 10.023 Thread 0x000001f1fe9c6cd0 flushing  nmethod 0x000001f1e9140590
Event: 10.023 Thread 0x000001f1fe9c6cd0 flushing  nmethod 0x000001f1e9140e90
Event: 10.023 Thread 0x000001f1fe9c6cd0 flushing  nmethod 0x000001f1e9141690
Event: 10.023 Thread 0x000001f1fe9c6cd0 flushing  nmethod 0x000001f1e917b490
Event: 10.023 Thread 0x000001f1fe9c6cd0 flushing  nmethod 0x000001f1e917e490
Event: 10.023 Thread 0x000001f1fe9c6cd0 flushing  nmethod 0x000001f1e91fc890
Event: 10.023 Thread 0x000001f1fe9c6cd0 flushing  nmethod 0x000001f1e91ff510
Event: 10.023 Thread 0x000001f1fe9c6cd0 flushing  nmethod 0x000001f1e9278010
Event: 10.023 Thread 0x000001f1fe9c6cd0 flushing  nmethod 0x000001f1e9316d90
Event: 10.023 Thread 0x000001f1fe9c6cd0 flushing  nmethod 0x000001f1e931e410
Event: 10.023 Thread 0x000001f1fe9c6cd0 flushing  nmethod 0x000001f1e943dc10
Event: 10.023 Thread 0x000001f1fe9c6cd0 flushing  nmethod 0x000001f1e9441010
Event: 10.023 Thread 0x000001f1fe9c6cd0 flushing  nmethod 0x000001f1e9442890
Event: 10.023 Thread 0x000001f1fe9c6cd0 flushing  nmethod 0x000001f1e9443910
Event: 10.023 Thread 0x000001f1fe9c6cd0 flushing  nmethod 0x000001f1e9445510
Event: 10.023 Thread 0x000001f1fe9c6cd0 flushing  nmethod 0x000001f1e95c2590
Event: 10.023 Thread 0x000001f1fe9c6cd0 flushing  nmethod 0x000001f1e968dc90

Events (20 events):
Event: 3.411 Thread 0x000001f1fea64290 Thread exited: 0x000001f1fea64290
Event: 3.489 Thread 0x000001f1fea612e0 Thread exited: 0x000001f1fea612e0
Event: 3.489 Thread 0x000001f1fea63bc0 Thread exited: 0x000001f1fea63bc0
Event: 3.489 Thread 0x000001f1fea60c10 Thread exited: 0x000001f1fea60c10
Event: 3.489 Thread 0x000001f1fea62e20 Thread exited: 0x000001f1fea62e20
Event: 7.611 Thread 0x000001f18551a730 Thread added: 0x000001f187bb0960
Event: 7.616 Thread 0x000001f18551a730 Thread added: 0x000001f187bb1d10
Event: 7.832 Thread 0x000001f18551a730 Thread added: 0x000001f187bb0ff0
Event: 7.892 Thread 0x000001f1fea619b0 Thread added: 0x000001f1fea64290
Event: 7.912 Thread 0x000001f1fea30ba0 Thread added: 0x000001f1fea60c10
Event: 7.961 Thread 0x000001f18551a730 Thread added: 0x000001f187bb2a30
Event: 8.044 Thread 0x000001f18551a730 Thread added: 0x000001f187bb30c0
Event: 8.144 Thread 0x000001f1fea30ba0 Thread added: 0x000001f1fea62e20
Event: 8.203 Thread 0x000001f1fea619b0 Thread added: 0x000001f1fea63bc0
Event: 8.456 Thread 0x000001f1fea64290 Thread added: 0x000001f1fea612e0
Event: 8.461 Thread 0x000001f1fea64290 Thread added: 0x000001f1fea62080
Event: 8.612 Thread 0x000001f1fea612e0 Thread added: 0x000001f1888786f0
Event: 8.820 Thread 0x000001f18551a730 Thread added: 0x000001f187bb3de0
Event: 9.159 Thread 0x000001f18551a730 Thread added: 0x000001f187bb6bd0
Event: 10.068 Thread 0x000001f18551a730 Thread added: 0x000001f185936d10


Dynamic libraries:
0x00007ff6e18f0000 - 0x00007ff6e18fa000 	C:\Program Files\Android\Android Studio\jbr\bin\java.exe
0x00007ffc8f9a0000 - 0x00007ffc8fc03000 	C:\WINDOWS\SYSTEM32\ntdll.dll
0x00007ffc8ed30000 - 0x00007ffc8edf7000 	C:\WINDOWS\System32\KERNEL32.DLL
0x00007ffc8d120000 - 0x00007ffc8d4e9000 	C:\WINDOWS\System32\KERNELBASE.dll
0x00007ffc8d5b0000 - 0x00007ffc8d6fc000 	C:\WINDOWS\System32\ucrtbase.dll
0x00007ffc5e850000 - 0x00007ffc5e86b000 	C:\Program Files\Android\Android Studio\jbr\bin\VCRUNTIME140.dll
0x00007ffc7a240000 - 0x00007ffc7a258000 	C:\Program Files\Android\Android Studio\jbr\bin\jli.dll
0x00007ffc8f440000 - 0x00007ffc8f60a000 	C:\WINDOWS\System32\USER32.dll
0x00007ffc8d580000 - 0x00007ffc8d5a7000 	C:\WINDOWS\System32\win32u.dll
0x00007ffc7b470000 - 0x00007ffc7b700000 	C:\WINDOWS\WinSxS\amd64_microsoft.windows.common-controls_6595b64144ccf1df_6.0.26100.3323_none_3e088096e3344490\COMCTL32.dll
0x00007ffc8f410000 - 0x00007ffc8f43a000 	C:\WINDOWS\System32\GDI32.dll
0x00007ffc8d800000 - 0x00007ffc8d8a9000 	C:\WINDOWS\System32\msvcrt.dll
0x00007ffc8cfe0000 - 0x00007ffc8d111000 	C:\WINDOWS\System32\gdi32full.dll
0x00007ffc8cba0000 - 0x00007ffc8cc43000 	C:\WINDOWS\System32\msvcp_win.dll
0x00007ffc8d7c0000 - 0x00007ffc8d7ef000 	C:\WINDOWS\System32\IMM32.DLL
0x00007ffc61170000 - 0x00007ffc6117c000 	C:\Program Files\Android\Android Studio\jbr\bin\vcruntime140_1.dll
0x00007ffc60540000 - 0x00007ffc605cd000 	C:\Program Files\Android\Android Studio\jbr\bin\msvcp140.dll
0x00007ffbedf00000 - 0x00007ffbeeb8a000 	C:\Program Files\Android\Android Studio\jbr\bin\server\jvm.dll
0x00007ffc8f2d0000 - 0x00007ffc8f382000 	C:\WINDOWS\System32\ADVAPI32.dll
0x00007ffc8ec80000 - 0x00007ffc8ed26000 	C:\WINDOWS\System32\sechost.dll
0x00007ffc8e070000 - 0x00007ffc8e186000 	C:\WINDOWS\System32\RPCRT4.dll
0x00007ffc8ec00000 - 0x00007ffc8ec74000 	C:\WINDOWS\System32\WS2_32.dll
0x00007ffc8a480000 - 0x00007ffc8a4b6000 	C:\WINDOWS\SYSTEM32\WINMM.dll
0x00007ffc8ca30000 - 0x00007ffc8ca7e000 	C:\WINDOWS\SYSTEM32\POWRPROF.dll
0x00007ffc87f60000 - 0x00007ffc87f6b000 	C:\WINDOWS\SYSTEM32\VERSION.dll
0x00007ffc8ca10000 - 0x00007ffc8ca24000 	C:\WINDOWS\SYSTEM32\UMPDC.dll
0x00007ffc8b9c0000 - 0x00007ffc8b9da000 	C:\WINDOWS\SYSTEM32\kernel.appcore.dll
0x00007ffc60240000 - 0x00007ffc6024a000 	C:\Program Files\Android\Android Studio\jbr\bin\jimage.dll
0x00007ffc8a230000 - 0x00007ffc8a471000 	C:\WINDOWS\SYSTEM32\DBGHELP.DLL
0x00007ffc8eee0000 - 0x00007ffc8f262000 	C:\WINDOWS\System32\combase.dll
0x00007ffc8f690000 - 0x00007ffc8f766000 	C:\WINDOWS\System32\OLEAUT32.dll
0x00007ffc8a1d0000 - 0x00007ffc8a209000 	C:\WINDOWS\SYSTEM32\dbgcore.DLL
0x00007ffc8cf40000 - 0x00007ffc8cfd9000 	C:\WINDOWS\System32\bcryptPrimitives.dll
0x00007ffc7a160000 - 0x00007ffc7a16e000 	C:\Program Files\Android\Android Studio\jbr\bin\instrument.dll
0x00007ffc5cbc0000 - 0x00007ffc5cbe0000 	C:\Program Files\Android\Android Studio\jbr\bin\java.dll
0x00007ffc5cb80000 - 0x00007ffc5cb98000 	C:\Program Files\Android\Android Studio\jbr\bin\zip.dll
0x00007ffc8d8b0000 - 0x00007ffc8dfc5000 	C:\WINDOWS\System32\SHELL32.dll
0x00007ffc8cdd0000 - 0x00007ffc8cf38000 	C:\WINDOWS\System32\wintypes.dll
0x00007ffc8a860000 - 0x00007ffc8b0a5000 	C:\WINDOWS\SYSTEM32\windows.storage.dll
0x00007ffc8e360000 - 0x00007ffc8e44b000 	C:\WINDOWS\System32\SHCORE.dll
0x00007ffc8f270000 - 0x00007ffc8f2cd000 	C:\WINDOWS\System32\shlwapi.dll
0x00007ffc8cab0000 - 0x00007ffc8cadf000 	C:\WINDOWS\SYSTEM32\profapi.dll
0x00007ffc5e690000 - 0x00007ffc5e6a0000 	C:\Program Files\Android\Android Studio\jbr\bin\net.dll
0x00007ffc856c0000 - 0x00007ffc857de000 	C:\WINDOWS\SYSTEM32\WINHTTP.dll
0x00007ffc8bee0000 - 0x00007ffc8bf4a000 	C:\WINDOWS\system32\mswsock.dll
0x00007ffc5b210000 - 0x00007ffc5b226000 	C:\Program Files\Android\Android Studio\jbr\bin\nio.dll
0x00007ffc5cb60000 - 0x00007ffc5cb70000 	C:\Program Files\Android\Android Studio\jbr\bin\verify.dll
0x00007ffc6ae70000 - 0x00007ffc6ae97000 	C:\Users\arjun\.gradle\native\c067742578af261105cb4f569cf0c3c89f3d7b1fecec35dd04571415982c5e48\windows-amd64\native-platform.dll
0x00007ffc56f20000 - 0x00007ffc57064000 	C:\Users\arjun\.gradle\native\100fb08df4bc3b14c8652ba06237920a3bd2aa13389f12d3474272988ae205f9\windows-amd64\native-platform-file-events.dll
0x00007ffc5d310000 - 0x00007ffc5d319000 	C:\Program Files\Android\Android Studio\jbr\bin\management.dll
0x00007ffc5cb70000 - 0x00007ffc5cb7b000 	C:\Program Files\Android\Android Studio\jbr\bin\management_ext.dll
0x00007ffc8f770000 - 0x00007ffc8f778000 	C:\WINDOWS\System32\PSAPI.DLL
0x00007ffc8c190000 - 0x00007ffc8c1ac000 	C:\WINDOWS\SYSTEM32\CRYPTSP.dll
0x00007ffc8b920000 - 0x00007ffc8b95a000 	C:\WINDOWS\system32\rsaenh.dll
0x00007ffc8bf80000 - 0x00007ffc8bfab000 	C:\WINDOWS\SYSTEM32\USERENV.dll
0x00007ffc8c3c0000 - 0x00007ffc8c3e6000 	C:\WINDOWS\SYSTEM32\bcrypt.dll
0x00007ffc8c180000 - 0x00007ffc8c18c000 	C:\WINDOWS\SYSTEM32\CRYPTBASE.dll
0x00007ffc8b3a0000 - 0x00007ffc8b3d3000 	C:\WINDOWS\SYSTEM32\IPHLPAPI.DLL
0x00007ffc8e950000 - 0x00007ffc8e95a000 	C:\WINDOWS\System32\NSI.dll
0x00007ffc5d470000 - 0x00007ffc5d479000 	C:\Program Files\Android\Android Studio\jbr\bin\extnet.dll
0x00007ffc5a240000 - 0x00007ffc5a248000 	C:\WINDOWS\system32\wshunix.dll

dbghelp: loaded successfully - version: 4.0.5 - missing functions: none
symbol engine: initialized successfully - sym options: 0x614 - pdb path: .;C:\Program Files\Android\Android Studio\jbr\bin;C:\WINDOWS\SYSTEM32;C:\WINDOWS\WinSxS\amd64_microsoft.windows.common-controls_6595b64144ccf1df_6.0.26100.3323_none_3e088096e3344490;C:\Program Files\Android\Android Studio\jbr\bin\server;C:\Users\arjun\.gradle\native\c067742578af261105cb4f569cf0c3c89f3d7b1fecec35dd04571415982c5e48\windows-amd64;C:\Users\arjun\.gradle\native\100fb08df4bc3b14c8652ba06237920a3bd2aa13389f12d3474272988ae205f9\windows-amd64

VM Arguments:
jvm_args: --add-opens=java.base/java.lang=ALL-UNNAMED --add-opens=java.base/java.lang.invoke=ALL-UNNAMED --add-opens=java.base/java.util=ALL-UNNAMED --add-opens=java.prefs/java.util.prefs=ALL-UNNAMED --add-exports=jdk.compiler/com.sun.tools.javac.api=ALL-UNNAMED --add-exports=jdk.compiler/com.sun.tools.javac.util=ALL-UNNAMED --add-opens=java.base/java.util=ALL-UNNAMED --add-opens=java.prefs/java.util.prefs=ALL-UNNAMED --add-opens=java.base/java.nio.charset=ALL-UNNAMED --add-opens=java.base/java.net=ALL-UNNAMED --add-opens=java.base/java.util.concurrent.atomic=ALL-UNNAMED --add-opens=java.xml/javax.xml.namespace=ALL-UNNAMED -Xmx2048m -Dfile.encoding=UTF-8 -Duser.country=US -Duser.language=en -Duser.variant -javaagent:C:\Users\arjun\.gradle\wrapper\dists\gradle-8.11.1-bin\bpt9gzteqjrbo1mjrsomdt32c\gradle-8.11.1\lib\agents\gradle-instrumentation-agent-8.11.1.jar 
java_command: org.gradle.launcher.daemon.bootstrap.GradleDaemon 8.11.1
java_class_path (initial): C:\Users\arjun\.gradle\wrapper\dists\gradle-8.11.1-bin\bpt9gzteqjrbo1mjrsomdt32c\gradle-8.11.1\lib\gradle-daemon-main-8.11.1.jar
Launcher Type: SUN_STANDARD

[Global flags]
     intx CICompilerCount                          = 12                                        {product} {ergonomic}
     uint ConcGCThreads                            = 3                                         {product} {ergonomic}
     uint G1ConcRefinementThreads                  = 13                                        {product} {ergonomic}
   size_t G1HeapRegionSize                         = 1048576                                   {product} {ergonomic}
    uintx GCDrainStackTargetSize                   = 64                                        {product} {ergonomic}
   size_t InitialHeapSize                          = 394264576                                 {product} {ergonomic}
   size_t MarkStackSize                            = 4194304                                   {product} {ergonomic}
   size_t MaxHeapSize                              = 2147483648                                {product} {command line}
   size_t MaxNewSize                               = 1287651328                                {product} {ergonomic}
   size_t MinHeapDeltaBytes                        = 1048576                                   {product} {ergonomic}
   size_t MinHeapSize                              = 8388608                                   {product} {ergonomic}
    uintx NonNMethodCodeHeapSize                   = 7602480                                {pd product} {ergonomic}
    uintx NonProfiledCodeHeapSize                  = 122027880                              {pd product} {ergonomic}
    uintx ProfiledCodeHeapSize                     = 122027880                              {pd product} {ergonomic}
    uintx ReservedCodeCacheSize                    = 251658240                              {pd product} {ergonomic}
     bool SegmentedCodeCache                       = true                                      {product} {ergonomic}
   size_t SoftMaxHeapSize                          = 2147483648                             {manageable} {ergonomic}
     bool UseCompressedOops                        = true                           {product lp64_product} {ergonomic}
     bool UseG1GC                                  = true                                      {product} {ergonomic}
     bool UseLargePagesIndividualAllocation        = false                                  {pd product} {ergonomic}

Logging:
Log output configuration:
 #0: stdout all=warning uptime,level,tags foldmultilines=false
 #1: stderr all=off uptime,level,tags foldmultilines=false

Environment Variables:
PATH=C:\Program Files\Eclipse Adoptium\jdk-21.0.5.11-hotspot\bin;C:\Program Files\Oculus\Support\oculus-runtime;C:\Program Files (x86)\Razer\ChromaBroadcast\bin;C:\Program Files\Razer\ChromaBroadcast\bin;C:\Windows\system32;C:\Windows;C:\Windows\System32\Wbem;C:\Windows\System32\WindowsPowerShell\v1.0\;C:\Windows\System32\OpenSSH\;C:\Program Files (x86)\NVIDIA Corporation\PhysX\Common;C:\WINDOWS\system32;C:\WINDOWS;C:\WINDOWS\System32\Wbem;C:\WINDOWS\System32\WindowsPowerShell\v1.0\;C:\WINDOWS\System32\OpenSSH\;C:\ProgramData\chocolatey\bin;C:\Program Files\dotnet\;C:\Program Files\Calibre2\;C:\Program Files\NVIDIA Corporation\NVIDIA App\NvDLISR;C:\WINDOWS\system32;C:\WINDOWS;C:\WINDOWS\System32\Wbem;C:\WINDOWS\System32\WindowsPowerShell\v1.0\;C:\WINDOWS\System32\OpenSSH\;C:\Program Files\Git\cmd;C:\Program Files\PuTTY\;C:\Program Files\PowerShell\7\;C:\Users\arjun\AppData\Local\Microsoft\WindowsApps;C:\tools\git\bin;C:\platform-tools;C:\Users\arjun\AppData\Local\Programs\Microsoft VS Code\bin;C:\Users\arjun\AppData\Local\Programs\Python;C:\Users\arjun\AppData\Local\Packages;;c:\users\arjun\appdata\local\packages\pythonsoftwarefoundation.python.3.12_qbz5n2kfra8p0\localcache\local-packages\python312\scripts;c:\users\arjun\.local\bin
USERNAME=arjun
OS=Windows_NT
PROCESSOR_IDENTIFIER=AMD64 Family 23 Model 96 Stepping 1, AuthenticAMD
TMP=C:\Users\arjun\AppData\Local\Temp
TEMP=C:\Users\arjun\AppData\Local\Temp




Periodic native trim disabled

JNI global refs:
JNI global refs: 34, weak refs: 0

JNI global refs memory usage: 835, weak refs: 833

Process memory usage:
Resident Set Size: 327132K (1% of 24557128K total physical memory with 9564960K free physical memory)

OOME stack traces (most recent first):
Classloader memory used:
Loader org.gradle.internal.classloader.VisitableURLClassLoader                         : 28920K
Loader bootstrap                                                                       : 25099K
Loader org.gradle.initialization.MixInLegacyTypesClassLoader                           : 8753K
Loader jdk.internal.loader.ClassLoaders$PlatformClassLoader                            : 635K
Loader jdk.internal.loader.ClassLoaders$AppClassLoader                                 : 234K
Loader org.gradle.internal.classloader.VisitableURLClassLoader                         : 71544B
Loader org.gradle.groovy.scripts.internal.DefaultScriptCompilationHandler$ScriptClassLoader: 62528B
Loader jdk.internal.reflect.DelegatingClassLoader                                      : 23760B
Loader org.codehaus.groovy.runtime.callsite.CallSiteClassLoader                        : 12384B

Classes loaded by more than one classloader:
Class org.gradle.internal.classloader.FilteringClassLoader                            : loaded 2 times (x 101B)
Class org.gradle.internal.classloader.ClassLoaderHierarchy                            : loaded 2 times (x 66B)
Class org.gradle.api.internal.classpath.ManifestUtil                                  : loaded 2 times (x 67B)
Class org.gradle.internal.classloader.DefaultClassLoaderFactory                       : loaded 2 times (x 78B)
Class org.gradle.internal.classloader.ClassLoaderVisitor                              : loaded 2 times (x 72B)
Class org.gradle.api.internal.classpath.EffectiveClassPath                            : loaded 2 times (x 86B)
Class org.gradle.api.internal.DefaultClassPathProvider                                : loaded 2 times (x 72B)
Class [Lorg.gradle.api.internal.ClassPathProvider;                                    : loaded 2 times (x 65B)
Class org.gradle.api.internal.ClassPathProvider                                       : loaded 2 times (x 66B)
Class org.gradle.internal.service.UnknownServiceException                             : loaded 2 times (x 79B)
Class org.gradle.internal.classpath.TransformedClassPath                              : loaded 2 times (x 92B)
Class org.gradle.internal.classloader.InstrumentingClassLoader                        : loaded 2 times (x 66B)
Class settings_dqqbecfw8qjop4yndjclxwtje$_run_closure1$_closure2                      : loaded 2 times (x 135B)
Class org.gradle.internal.service.ServiceLocator                                      : loaded 2 times (x 66B)
Class org.gradle.internal.InternalTransformer                                         : loaded 2 times (x 66B)
Class org.gradle.internal.classloader.ClasspathUtil$1                                 : loaded 2 times (x 72B)
Class org.gradle.api.internal.classpath.DefaultModuleRegistry$DefaultModule           : loaded 2 times (x 82B)
Class org.gradle.api.internal.classpath.Module                                        : loaded 2 times (x 66B)
Class org.gradle.api.internal.classpath.UnknownModuleException                        : loaded 2 times (x 78B)
Class org.gradle.api.internal.DefaultClassPathRegistry                                : loaded 2 times (x 72B)
Class org.gradle.api.internal.ClassPathRegistry                                       : loaded 2 times (x 66B)
Class org.gradle.internal.classpath.DefaultClassPath$ImmutableUniqueList              : loaded 2 times (x 195B)
Class org.gradle.internal.classpath.ClassPath                                         : loaded 2 times (x 66B)
Class org.gradle.api.UncheckedIOException                                             : loaded 2 times (x 78B)
Class org.gradle.internal.installation.GradleInstallation$1                           : loaded 2 times (x 71B)
Class org.gradle.api.internal.classpath.ModuleRegistry                                : loaded 2 times (x 66B)
Class org.gradle.api.internal.classpath.DefaultModuleRegistry                         : loaded 2 times (x 82B)
Class org.gradle.internal.service.ServiceLookupException                              : loaded 2 times (x 78B)
Class org.gradle.internal.classloader.ClassLoaderFactory                              : loaded 2 times (x 66B)
Class org.gradle.internal.service.CachingServiceLocator                               : loaded 2 times (x 78B)
Class settings_dqqbecfw8qjop4yndjclxwtje$_run_closure1                                : loaded 2 times (x 135B)
Class org.gradle.internal.classloader.ClasspathUtil                                   : loaded 2 times (x 67B)
Class settings_dqqbecfw8qjop4yndjclxwtje                                              : loaded 2 times (x 175B)
Class org.gradle.api.specs.Spec                                                       : loaded 2 times (x 66B)
Class org.gradle.internal.classloader.VisitableURLClassLoader$InstrumentingVisitableURLClassLoader: loaded 2 times (x 119B)
Class org.gradle.internal.classloader.VisitableURLClassLoader$Spec                    : loaded 2 times (x 70B)
Class org.gradle.internal.classpath.DefaultClassPath                                  : loaded 2 times (x 86B)
Class org.gradle.internal.classloader.ClassLoaderSpec                                 : loaded 2 times (x 67B)
Class org.gradle.internal.classloader.VisitableURLClassLoader                         : loaded 2 times (x 113B)
Class org.gradle.internal.Cast                                                        : loaded 2 times (x 67B)
Class org.gradle.api.Action                                                           : loaded 2 times (x 66B)
Class org.gradle.internal.classpath.DefaultClassPath$ImmutableUniqueList$Builder      : loaded 2 times (x 71B)
Class org.gradle.api.GradleException                                                  : loaded 2 times (x 78B)
Class org.gradle.internal.IoActions                                                   : loaded 2 times (x 67B)
Class org.gradle.internal.classloader.SystemClassLoaderSpec                           : loaded 2 times (x 67B)
Class org.gradle.api.internal.classpath.GlobalCacheRootsProvider                      : loaded 2 times (x 66B)
Class org.gradle.internal.installation.CurrentGradleInstallationLocator               : loaded 2 times (x 67B)
Class org.gradle.internal.service.DefaultServiceLocator                               : loaded 2 times (x 79B)
Class org.gradle.internal.installation.CurrentGradleInstallation                      : loaded 2 times (x 69B)
Class org.gradle.util.internal.GUtil                                                  : loaded 2 times (x 67B)
Class org.gradle.internal.installation.GradleInstallation                             : loaded 2 times (x 71B)

---------------  S Y S T E M  ---------------

OS:
 Windows 11 , 64 bit Build 26100 (10.0.26100.3323)
OS uptime: 3 days 20:08 hours
Hyper-V role detected

CPU: total 16 (initial active 16) (16 cores per cpu, 2 threads per core) family 23 model 96 stepping 1 microcode 0x8600104, cx8, cmov, fxsr, ht, mmx, 3dnowpref, sse, sse2, sse3, ssse3, sse4a, sse4.1, sse4.2, popcnt, lzcnt, tsc, tscinvbit, avx, avx2, aes, clmul, bmi1, bmi2, adx, sha, fma, vzeroupper, clflush, clflushopt, hv, rdtscp, rdpid, f16c
Processor Information for all 16 processors :
  Max Mhz: 3000, Current Mhz: 3000, Mhz Limit: 3000

Memory: 4k page, system-wide physical 23981M (9339M free)
TotalPageFile size 28919M (AvailPageFile size 4560M)
current process WorkingSet (physical memory assigned to process): 321M, peak: 423M
current process commit charge ("private bytes"): 381M, peak: 520M

vm_info: OpenJDK 64-Bit Server VM (21.0.5+-12932927-b750.29) for windows-amd64 JRE (21.0.5+-12932927-b750.29), built on 2025-01-17T02:01:10Z by "builder" with MS VC++ 16.10 / 16.11 (VS2019)

END.
