#
# A fatal error has been detected by the Java Runtime Environment:
#
#  EXCEPTION_ACCESS_VIOLATION (0xc0000005) at pc=0x00007ffbee4daacc, pid=46244, tid=44680
#
# JRE version: OpenJDK Runtime Environment (21.0.5) (build 21.0.5+-12932927-b750.29)
# Java VM: OpenJDK 64-Bit Server VM (21.0.5+-12932927-b750.29, mixed mode, tiered, compressed oops, compressed class ptrs, g1 gc, windows-amd64)
# Problematic frame:
# V  [jvm.dll+0x5daacc]
#
# No core dump will be written. Minidumps are not enabled by default on client versions of Windows
#
# If you would like to submit a bug report, please visit:
#   https://youtrack.jetbrains.com/issues/JBR
#

---------------  S U M M A R Y ------------

Command Line: --add-opens=java.base/java.lang=ALL-UNNAMED --add-opens=java.base/java.lang.invoke=ALL-UNNAMED --add-opens=java.base/java.util=ALL-UNNAMED --add-opens=java.prefs/java.util.prefs=ALL-UNNAMED --add-exports=jdk.compiler/com.sun.tools.javac.api=ALL-UNNAMED --add-exports=jdk.compiler/com.sun.tools.javac.util=ALL-UNNAMED --add-opens=java.base/java.util=ALL-UNNAMED --add-opens=java.prefs/java.util.prefs=ALL-UNNAMED --add-opens=java.base/java.nio.charset=ALL-UNNAMED --add-opens=java.base/java.net=ALL-UNNAMED --add-opens=java.base/java.util.concurrent.atomic=ALL-UNNAMED --add-opens=java.xml/javax.xml.namespace=ALL-UNNAMED -Xmx2048m -Dfile.encoding=UTF-8 -Duser.country=US -Duser.language=en -Duser.variant -javaagent:C:\Users\arjun\.gradle\wrapper\dists\gradle-8.11.1-bin\bpt9gzteqjrbo1mjrsomdt32c\gradle-8.11.1\lib\agents\gradle-instrumentation-agent-8.11.1.jar org.gradle.launcher.daemon.bootstrap.GradleDaemon 8.11.1

Host: AMD Ryzen 9 4900HS with Radeon Graphics         , 16 cores, 23G,  Windows 11 , 64 bit Build 26100 (10.0.26100.3323)
Time: Sat Mar  8 14:31:41 2025 Eastern Standard Time elapsed time: 3.201312 seconds (0d 0h 0m 3s)

---------------  T H R E A D  ---------------

Current thread (0x000002deb9499690):  JavaThread "C2 CompilerThread1" daemon [_thread_in_native, id=44680, stack(0x000000fbc8900000,0x000000fbc8a00000) (1024K)]


Current CompileTask:
C2:3201 3673       4       jdk.internal.org.objectweb.asm.Frame::setInputFrameFromDescriptor (175 bytes)

Stack: [0x000000fbc8900000,0x000000fbc8a00000],  sp=0x000000fbc89fc830,  free space=1010k
Native frames: (J=compiled Java code, j=interpreted, Vv=VM code, C=native code)
V  [jvm.dll+0x5daacc]
V  [jvm.dll+0x381fc6]
V  [jvm.dll+0x38140a]
V  [jvm.dll+0x247c62]
V  [jvm.dll+0x247231]
V  [jvm.dll+0x1c5ee4]
V  [jvm.dll+0x25697c]
V  [jvm.dll+0x254ec6]
V  [jvm.dll+0x3f0ce6]
V  [jvm.dll+0x806368]
V  [jvm.dll+0x6ce3fd]
C  [ucrtbase.dll+0x37b0]
C  [KERNEL32.DLL+0x2e8d7]
C  [ntdll.dll+0xbbf6c]


siginfo: EXCEPTION_ACCESS_VIOLATION (0xc0000005), reading address 0xffffffffffffffff


Registers:
RAX=0x000000fbc89fce00, RBX=0x000002dec2bb6128, RCX=0x200002dec110e8b8, RDX=0x0000000000000000
RSP=0x000000fbc89fc830, RBP=0x000000fbc89fc8d9, RSI=0x0000000000000018, RDI=0x000000fbc89fcbd0
R8 =0x0000000000000001, R9 =0x0000000000000000, R10=0x00007ffbeea950a0, R11=0x000000fbc89fc828
R12=0x0000000000000007, R13=0x000002dec2f083a0, R14=0x0000000000000002, R15=0x000002dec0ddcb20
RIP=0x00007ffbee4daacc, EFLAGS=0x0000000000010202


Register to memory mapping:

RAX=0x000000fbc89fce00 is pointing into the stack for thread: 0x000002deb9499690
RBX=0x000002dec2bb6128 points into unknown readable memory: 0x00007ffbee82f680 | 80 f6 82 ee fb 7f 00 00
RCX=0x200002dec110e8b8 is an unknown value
RDX=0x0 is null
RSP=0x000000fbc89fc830 is pointing into the stack for thread: 0x000002deb9499690
RBP=0x000000fbc89fc8d9 is pointing into the stack for thread: 0x000002deb9499690
RSI=0x0000000000000018 is an unknown value
RDI=0x000000fbc89fcbd0 is pointing into the stack for thread: 0x000002deb9499690
R8 =0x0000000000000001 is an unknown value
R9 =0x0 is null
R10=0x00007ffbeea950a0 jvm.dll
R11=0x000000fbc89fc828 is pointing into the stack for thread: 0x000002deb9499690
R12=0x0000000000000007 is an unknown value
R13=0x000002dec2f083a0 points into unknown readable memory: 0x0000000000000000 | 00 00 00 00 00 00 00 00
R14=0x0000000000000002 is an unknown value
R15=0x000002dec0ddcb20 points into unknown readable memory: 0x00007ffbee7eb150 | 50 b1 7e ee fb 7f 00 00

Top of Stack: (sp=0x000000fbc89fc830)
0x000000fbc89fc830:   000002dec2bb6128 000000fbc89fc870
0x000000fbc89fc840:   000002deb9aee460 000000fbc89fc8d9
0x000000fbc89fc850:   000000fbc89fc8c8 00007ffbee719a00
0x000000fbc89fc860:   000002deb907a4e0 000002dec09fb230
0x000000fbc89fc870:   000002de00000010 000002deb9499510
0x000000fbc89fc880:   000002dec2f08820 000002de00000000
0x000000fbc89fc890:   000002deb8e71c54 000002deb8e71c40
0x000000fbc89fc8a0:   000002deb9499510 000002dec11d9df0
0x000000fbc89fc8b0:   00000000000bc250 000002dec11decd8
0x000000fbc89fc8c0:   000002dec11e1dd8 000000fb00000010
0x000000fbc89fc8d0:   000002dec2f088a0 00007ffb00000010
0x000000fbc89fc8e0:   000002deb9499510 0000000000000000
0x000000fbc89fc8f0:   0000000000000001 0000000000000000
0x000000fbc89fc900:   000002debf736580 000002debf736968
0x000000fbc89fc910:   000002debf736590 000000fbc89fce00
0x000000fbc89fc920:   00000000000003d8 0000000000000c94
0x000000fbc89fc930:   000000fbc89fca40 00007ffbee281fc6
0x000000fbc89fc940:   000000fb000000c5 0000000000000008
0x000000fbc89fc950:   000002dec2bb6128 000002dec2f083a0
0x000000fbc89fc960:   000000007fffff01 00007ffc00000002
0x000000fbc89fc970:   0000000000000000 000000000000037f
0x000000fbc89fc980:   0000000000000000 000000fbc89fc907
0x000000fbc89fc990:   000002debf736580 000002dec1e66840
0x000000fbc89fc9a0:   000002dec1e681d0 000002dec1e6e828
0x000000fbc89fc9b0:   000000000014d738 000002dec0e306e0
0x000000fbc89fc9c0:   000002dec0e339f0 000002dec0e306f0
0x000000fbc89fc9d0:   000002deb9499510 000002de00000080
0x000000fbc89fc9e0:   000002dec30b4690 00007ffc00000080
0x000000fbc89fc9f0:   000002deb9499510 000002debfaf0ef0
0x000000fbc89fca00:   0000000000094318 00007ffbee706d6d
0x000000fbc89fca10:   000000000000094e 0000000000000000
0x000000fbc89fca20:   00007ffbee843c28 00007ffb00000009 

Instructions: (pc=0x00007ffbee4daacc)
0x00007ffbee4da9cc:   43 20 4e 8b 3c e0 eb 03 45 33 ff 41 8b 47 2c 83
0x00007ffbee4da9dc:   e0 0f 3c 0c 0f 84 7f 01 00 00 48 8b 47 40 49 63
0x00007ffbee4da9ec:   57 28 48 8b 48 08 8b 34 91 85 f6 74 59 49 8b 45
0x00007ffbee4da9fc:   08 8b ce 48 c1 e9 08 8b de 4c 8b 04 c8 4d 3b c2
0x00007ffbee4daa0c:   75 14 8b d6 49 8b cd e8 a8 07 de ff 4c 8b c0 4c
0x00007ffbee4daa1c:   8d 15 7e a6 5b 00 0f b6 cb ba 01 00 00 00 48 c1
0x00007ffbee4daa2c:   eb 06 80 e1 3f 83 e3 03 48 d3 e2 49 8b 0c d8 48
0x00007ffbee4daa3c:   8b c1 48 0b c2 49 89 04 d8 48 8b 5d 77 48 85 ca
0x00007ffbee4daa4c:   75 04 41 ff 45 00 4c 8b ce 48 8b ce 48 8b 75 7f
0x00007ffbee4daa5c:   41 b8 01 00 00 00 48 c1 e9 08 48 8b 46 08 48 8b
0x00007ffbee4daa6c:   14 c8 41 0f b6 c9 49 c1 e9 06 80 e1 3f 41 83 e1
0x00007ffbee4daa7c:   03 49 d3 e0 49 8b c0 48 f7 d0 4a 8b 0c ca 48 23
0x00007ffbee4daa8c:   c1 4a 89 04 ca 49 85 c8 74 02 ff 0e 41 8b 47 18
0x00007ffbee4daa9c:   83 f8 01 0f 86 b3 00 00 00 4c 8b 6d 7f 44 8d 70
0x00007ffbee4daaac:   ff be 08 00 00 00 0f 1f 40 00 66 66 0f 1f 84 00
0x00007ffbee4daabc:   00 00 00 00 49 8b 47 08 48 8b 0c 30 48 8b 47 38
0x00007ffbee4daacc:   8b 51 28 48 8b 48 78 48 39 1c d1 74 69 48 8b 47
0x00007ffbee4daadc:   40 48 63 d2 48 8b 48 08 8b 14 91 85 d2 74 57 49
0x00007ffbee4daaec:   8b 45 08 8b ca 48 c1 e9 08 8b da 4c 8b 04 c8 4d
0x00007ffbee4daafc:   3b c2 75 12 49 8b cd e8 b8 06 de ff 4c 8b c0 4c
0x00007ffbee4dab0c:   8d 15 8e a5 5b 00 0f b6 cb ba 01 00 00 00 48 c1
0x00007ffbee4dab1c:   eb 06 80 e1 3f 83 e3 03 48 d3 e2 49 8b 0c d8 48
0x00007ffbee4dab2c:   8b c1 48 0b c2 49 89 04 d8 48 8b 5d 77 48 85 ca
0x00007ffbee4dab3c:   75 04 41 ff 45 00 48 83 c6 08 49 83 ee 01 0f 85
0x00007ffbee4dab4c:   70 ff ff ff 4c 8b 6d 8f 48 8b 75 7f 41 8b d4 41
0x00007ffbee4dab5c:   83 fc 01 0f 87 5b fe ff ff 89 55 6f 44 8b f2 85
0x00007ffbee4dab6c:   d2 0f 84 d0 00 00 00 41 ff ce 44 3b 73 18 73 0a
0x00007ffbee4dab7c:   48 8b 43 20 4a 8b 14 f0 eb 02 33 d2 48 8b 47 40
0x00007ffbee4dab8c:   48 63 52 28 48 8b 48 08 8b 34 91 85 f6 74 59 49
0x00007ffbee4dab9c:   8b 45 08 8b ce 48 c1 e9 08 8b de 4c 8b 04 c8 4d
0x00007ffbee4dabac:   3b c2 75 14 8b d6 49 8b cd e8 06 06 de ff 4c 8b
0x00007ffbee4dabbc:   c0 4c 8d 15 dc a4 5b 00 0f b6 cb ba 01 00 00 00 


Stack slot to memory mapping:

stack at sp + 0 slots: 0x000002dec2bb6128 points into unknown readable memory: 0x00007ffbee82f680 | 80 f6 82 ee fb 7f 00 00
stack at sp + 1 slots: 0x000000fbc89fc870 is pointing into the stack for thread: 0x000002deb9499690
stack at sp + 2 slots: 0x000002deb9aee460 points into unknown readable memory: 0x00007ffbee82f680 | 80 f6 82 ee fb 7f 00 00
stack at sp + 3 slots: 0x000000fbc89fc8d9 is pointing into the stack for thread: 0x000002deb9499690
stack at sp + 4 slots: 0x000000fbc89fc8c8 is pointing into the stack for thread: 0x000002deb9499690
stack at sp + 5 slots: 0x00007ffbee719a00 jvm.dll
stack at sp + 6 slots: 0x000002deb907a4e0 points into unknown readable memory: 0x000002deb8e71c20 | 20 1c e7 b8 de 02 00 00
stack at sp + 7 slots: 0x000002dec09fb230 points into unknown readable memory: 0x0000000000000000 | 00 00 00 00 00 00 00 00


---------------  P R O C E S S  ---------------

Threads class SMR info:
_java_thread_list=0x000002dec1791390, length=38, elements={
0x000002de9e809470, 0x000002deb8e8f370, 0x000002deb8e6c5e0, 0x000002deb8e6fbb0,
0x000002deb8e70600, 0x000002deb8e74740, 0x000002deb8e75190, 0x000002deb8e76a80,
0x000002deb8e78080, 0x000002deb8fd8110, 0x000002deb8cc2340, 0x000002deb907f000,
0x000002deb9496ce0, 0x000002deb9499690, 0x000002deb95d4190, 0x000002deb95c1710,
0x000002deb95c1db0, 0x000002debe6f1270, 0x000002debf50bd50, 0x000002debf4c3330,
0x000002debf4ca240, 0x000002debf66f660, 0x000002debf68f280, 0x000002debf547060,
0x000002debf5476c0, 0x000002debf548450, 0x000002debf548d90, 0x000002debf6e68c0,
0x000002debf6e47f0, 0x000002debf6e6f50, 0x000002debf6e75e0, 0x000002debf6e4e80,
0x000002debf6e6230, 0x000002debf6e4160, 0x000002debf6e5ba0, 0x000002debf6e5510,
0x000002dec34a0040, 0x000002dec34a0d60
}

Java Threads: ( => current thread )
  0x000002de9e809470 JavaThread "main"                              [_thread_blocked, id=48784, stack(0x000000fbc7500000,0x000000fbc7600000) (1024K)]
  0x000002deb8e8f370 JavaThread "Reference Handler"          daemon [_thread_blocked, id=55588, stack(0x000000fbc7d00000,0x000000fbc7e00000) (1024K)]
  0x000002deb8e6c5e0 JavaThread "Finalizer"                  daemon [_thread_blocked, id=44348, stack(0x000000fbc7e00000,0x000000fbc7f00000) (1024K)]
  0x000002deb8e6fbb0 JavaThread "Signal Dispatcher"          daemon [_thread_blocked, id=55024, stack(0x000000fbc7f00000,0x000000fbc8000000) (1024K)]
  0x000002deb8e70600 JavaThread "Attach Listener"            daemon [_thread_blocked, id=56612, stack(0x000000fbc8000000,0x000000fbc8100000) (1024K)]
  0x000002deb8e74740 JavaThread "Service Thread"             daemon [_thread_blocked, id=58048, stack(0x000000fbc8100000,0x000000fbc8200000) (1024K)]
  0x000002deb8e75190 JavaThread "Monitor Deflation Thread"   daemon [_thread_blocked, id=44444, stack(0x000000fbc8200000,0x000000fbc8300000) (1024K)]
  0x000002deb8e76a80 JavaThread "C2 CompilerThread0"         daemon [_thread_in_native, id=52272, stack(0x000000fbc8300000,0x000000fbc8400000) (1024K)]
  0x000002deb8e78080 JavaThread "C1 CompilerThread0"         daemon [_thread_blocked, id=57012, stack(0x000000fbc8400000,0x000000fbc8500000) (1024K)]
  0x000002deb8fd8110 JavaThread "Common-Cleaner"             daemon [_thread_blocked, id=49028, stack(0x000000fbc8500000,0x000000fbc8600000) (1024K)]
  0x000002deb8cc2340 JavaThread "C1 CompilerThread1"         daemon [_thread_blocked, id=27560, stack(0x000000fbc8600000,0x000000fbc8700000) (1024K)]
  0x000002deb907f000 JavaThread "C1 CompilerThread2"         daemon [_thread_blocked, id=56724, stack(0x000000fbc8700000,0x000000fbc8800000) (1024K)]
  0x000002deb9496ce0 JavaThread "Notification Thread"        daemon [_thread_blocked, id=50868, stack(0x000000fbc8800000,0x000000fbc8900000) (1024K)]
=>0x000002deb9499690 JavaThread "C2 CompilerThread1"         daemon [_thread_in_native, id=44680, stack(0x000000fbc8900000,0x000000fbc8a00000) (1024K)]
  0x000002deb95d4190 JavaThread "C2 CompilerThread2"         daemon [_thread_blocked, id=5168, stack(0x000000fbc8a00000,0x000000fbc8b00000) (1024K)]
  0x000002deb95c1710 JavaThread "C2 CompilerThread3"         daemon [_thread_blocked, id=38348, stack(0x000000fbc8b00000,0x000000fbc8c00000) (1024K)]
  0x000002deb95c1db0 JavaThread "C2 CompilerThread4"         daemon [_thread_blocked, id=52212, stack(0x000000fbc8c00000,0x000000fbc8d00000) (1024K)]
  0x000002debe6f1270 JavaThread "C1 CompilerThread3"         daemon [_thread_blocked, id=45064, stack(0x000000fbc9600000,0x000000fbc9700000) (1024K)]
  0x000002debf50bd50 JavaThread "Daemon health stats"               [_thread_blocked, id=32364, stack(0x000000fbc8d00000,0x000000fbc8e00000) (1024K)]
  0x000002debf4c3330 JavaThread "Incoming local TCP Connector on port 63378"        [_thread_in_native, id=38092, stack(0x000000fbc9700000,0x000000fbc9800000) (1024K)]
  0x000002debf4ca240 JavaThread "Daemon periodic checks"            [_thread_blocked, id=56888, stack(0x000000fbc9800000,0x000000fbc9900000) (1024K)]
  0x000002debf66f660 JavaThread "Daemon"                            [_thread_blocked, id=52472, stack(0x000000fbc9900000,0x000000fbc9a00000) (1024K)]
  0x000002debf68f280 JavaThread "Handler for socket connection from /127.0.0.1:63378 to /127.0.0.1:63379"        [_thread_in_native, id=29328, stack(0x000000fbc9a00000,0x000000fbc9b00000) (1024K)]
  0x000002debf547060 JavaThread "Cancel handler"                    [_thread_blocked, id=57320, stack(0x000000fbc9b00000,0x000000fbc9c00000) (1024K)]
  0x000002debf5476c0 JavaThread "Daemon worker"                     [_thread_in_vm, id=53736, stack(0x000000fbc9c00000,0x000000fbc9d00000) (1024K)]
  0x000002debf548450 JavaThread "Asynchronous log dispatcher for DefaultDaemonConnection: socket connection from /127.0.0.1:63378 to /127.0.0.1:63379"        [_thread_blocked, id=49448, stack(0x000000fbc9d00000,0x000000fbc9e00000) (1024K)]
  0x000002debf548d90 JavaThread "Stdin handler"                     [_thread_blocked, id=49148, stack(0x000000fbc9e00000,0x000000fbc9f00000) (1024K)]
  0x000002debf6e68c0 JavaThread "Daemon client event forwarder"        [_thread_blocked, id=47524, stack(0x000000fbc9f00000,0x000000fbca000000) (1024K)]
  0x000002debf6e47f0 JavaThread "Cache worker for journal cache (C:\Users\arjun\.gradle\caches\journal-1)"        [_thread_blocked, id=56088, stack(0x000000fbca600000,0x000000fbca700000) (1024K)]
  0x000002debf6e6f50 JavaThread "File lock request listener"        [_thread_in_native, id=54788, stack(0x000000fbca700000,0x000000fbca800000) (1024K)]
  0x000002debf6e75e0 JavaThread "Cache worker for file hash cache (C:\Users\arjun\.gradle\caches\8.11.1\fileHashes)"        [_thread_blocked, id=37568, stack(0x000000fbca800000,0x000000fbca900000) (1024K)]
  0x000002debf6e4e80 JavaThread "Cache worker for file content cache (C:\Users\arjun\.gradle\caches\8.11.1\fileContent)"        [_thread_blocked, id=50380, stack(0x000000fbca900000,0x000000fbcaa00000) (1024K)]
  0x000002debf6e6230 JavaThread "Cache worker for file hash cache (C:\Users\arjun\AndroidStudioProjects\BreathWell\.gradle\8.11.1\fileHashes)"        [_thread_blocked, id=52328, stack(0x000000fbcaa00000,0x000000fbcab00000) (1024K)]
  0x000002debf6e4160 JavaThread "Cache worker for Build Output Cleanup Cache (C:\Users\arjun\AndroidStudioProjects\BreathWell\.gradle\buildOutputCleanup)"        [_thread_blocked, id=58212, stack(0x000000fbcab00000,0x000000fbcac00000) (1024K)]
  0x000002debf6e5ba0 JavaThread "File watcher server"        daemon [_thread_in_native, id=57752, stack(0x000000fbcac00000,0x000000fbcad00000) (1024K)]
  0x000002debf6e5510 JavaThread "File watcher consumer"      daemon [_thread_blocked, id=46840, stack(0x000000fbcad00000,0x000000fbcae00000) (1024K)]
  0x000002dec34a0040 JavaThread "Cache worker for checksums cache (C:\Users\arjun\AndroidStudioProjects\BreathWell\.gradle\8.11.1\checksums)"        [_thread_blocked, id=36548, stack(0x000000fbcae00000,0x000000fbcaf00000) (1024K)]
  0x000002dec34a0d60 JavaThread "Cache worker for cache directory md-rule (C:\Users\arjun\.gradle\caches\8.11.1\md-rule)"        [_thread_blocked, id=26336, stack(0x000000fbcaf00000,0x000000fbcb000000) (1024K)]
Total: 38

Other Threads:
  0x000002deb8e1db50 VMThread "VM Thread"                           [id=47280, stack(0x000000fbc7c00000,0x000000fbc7d00000) (1024K)]
  0x000002deb8d509d0 WatcherThread "VM Periodic Task Thread"        [id=37084, stack(0x000000fbc7b00000,0x000000fbc7c00000) (1024K)]
  0x000002dea0335f20 WorkerThread "GC Thread#0"                     [id=52696, stack(0x000000fbc7600000,0x000000fbc7700000) (1024K)]
  0x000002deb9777cf0 WorkerThread "GC Thread#1"                     [id=55788, stack(0x000000fbc8e00000,0x000000fbc8f00000) (1024K)]
  0x000002deb9a0bbf0 WorkerThread "GC Thread#2"                     [id=56212, stack(0x000000fbc8f00000,0x000000fbc9000000) (1024K)]
  0x000002deb9a0bf90 WorkerThread "GC Thread#3"                     [id=16948, stack(0x000000fbc9000000,0x000000fbc9100000) (1024K)]
  0x000002deb9a0c330 WorkerThread "GC Thread#4"                     [id=55152, stack(0x000000fbc9100000,0x000000fbc9200000) (1024K)]
  0x000002debe0a7870 WorkerThread "GC Thread#5"                     [id=28668, stack(0x000000fbc9200000,0x000000fbc9300000) (1024K)]
  0x000002debe0a7c10 WorkerThread "GC Thread#6"                     [id=50092, stack(0x000000fbc9300000,0x000000fbc9400000) (1024K)]
  0x000002debe0a7fb0 WorkerThread "GC Thread#7"                     [id=25772, stack(0x000000fbc9400000,0x000000fbc9500000) (1024K)]
  0x000002deb98de060 WorkerThread "GC Thread#8"                     [id=52220, stack(0x000000fbc9500000,0x000000fbc9600000) (1024K)]
  0x000002deb996e3b0 WorkerThread "GC Thread#9"                     [id=56208, stack(0x000000fbca000000,0x000000fbca100000) (1024K)]
  0x000002deb996ca50 WorkerThread "GC Thread#10"                    [id=56576, stack(0x000000fbca100000,0x000000fbca200000) (1024K)]
  0x000002deb996d190 WorkerThread "GC Thread#11"                    [id=5432, stack(0x000000fbca200000,0x000000fbca300000) (1024K)]
  0x000002deb996d530 WorkerThread "GC Thread#12"                    [id=39152, stack(0x000000fbca300000,0x000000fbca400000) (1024K)]
  0x000002dea0346e10 ConcurrentGCThread "G1 Main Marker"            [id=58156, stack(0x000000fbc7700000,0x000000fbc7800000) (1024K)]
  0x000002dea0348660 WorkerThread "G1 Conc#0"                       [id=58140, stack(0x000000fbc7800000,0x000000fbc7900000) (1024K)]
  0x000002debf5e0260 WorkerThread "G1 Conc#1"                       [id=34820, stack(0x000000fbca400000,0x000000fbca500000) (1024K)]
  0x000002debf5df780 WorkerThread "G1 Conc#2"                       [id=54688, stack(0x000000fbca500000,0x000000fbca600000) (1024K)]
  0x000002deb8c10fc0 ConcurrentGCThread "G1 Refine#0"               [id=13984, stack(0x000000fbc7900000,0x000000fbc7a00000) (1024K)]
  0x000002deb8c127f0 ConcurrentGCThread "G1 Service"                [id=58144, stack(0x000000fbc7a00000,0x000000fbc7b00000) (1024K)]
Total: 21

Threads with active compile tasks:
C2 CompilerThread0  3235 3729       4       java.lang.invoke.InvokerBytecodeGenerator::<init> (80 bytes)
C2 CompilerThread1  3235 3673       4       jdk.internal.org.objectweb.asm.Frame::setInputFrameFromDescriptor (175 bytes)
Total: 2

VM state: not at safepoint (normal execution)

VM Mutex/Monitor currently owned by a thread: None

Heap address: 0x0000000080000000, size: 2048 MB, Compressed Oops mode: 32-bit

CDS archive(s) not mapped
Compressed class space mapped at: 0x0000000100000000-0x0000000140000000, reserved size: 1073741824
Narrow klass base: 0x0000000000000000, Narrow klass shift: 3, Narrow klass range: 0x140000000

GC Precious Log:
 CardTable entry size: 512
 Card Set container configuration: InlinePtr #cards 5 size 8 Array Of Cards #cards 12 size 40 Howl #buckets 4 coarsen threshold 1843 Howl Bitmap #cards 512 size 80 coarsen threshold 460 Card regions per heap region 1 cards per card region 2048
 CPUs: 16 total, 16 available
 Memory: 23981M
 Large Page Support: Disabled
 NUMA Support: Disabled
 Compressed Oops: Enabled (32-bit)
 Heap Region Size: 1M
 Heap Min Capacity: 8M
 Heap Initial Capacity: 376M
 Heap Max Capacity: 2G
 Pre-touch: Disabled
 Parallel Workers: 13
 Concurrent Workers: 3
 Concurrent Refinement Workers: 13
 Periodic GC: Disabled

Heap:
 garbage-first heap   total 68608K, used 41868K [0x0000000080000000, 0x0000000100000000)
  region size 1024K, 23 young (23552K), 5 survivors (5120K)
 Metaspace       used 37506K, committed 38528K, reserved 1114112K
  class space    used 5126K, committed 5632K, reserved 1048576K

Heap Regions: E=young(eden), S=young(survivor), O=old, HS=humongous(starts), HC=humongous(continues), CS=collection set, F=free, TAMS=top-at-mark-start, PB=parsable bottom
|   0|0x0000000080000000, 0x0000000080100000, 0x0000000080100000|100%|HS|  |TAMS 0x0000000080000000| PB 0x0000000080000000| Complete 
|   1|0x0000000080100000, 0x0000000080200000, 0x0000000080200000|100%|HC|  |TAMS 0x0000000080100000| PB 0x0000000080100000| Complete 
|   2|0x0000000080200000, 0x0000000080300000, 0x0000000080300000|100%|HC|  |TAMS 0x0000000080200000| PB 0x0000000080200000| Complete 
|   3|0x0000000080300000, 0x0000000080400000, 0x0000000080400000|100%| O|  |TAMS 0x0000000080300000| PB 0x0000000080300000| Untracked 
|   4|0x0000000080400000, 0x0000000080500000, 0x0000000080500000|100%| O|  |TAMS 0x0000000080400000| PB 0x0000000080400000| Untracked 
|   5|0x0000000080500000, 0x0000000080600000, 0x0000000080600000|100%| O|  |TAMS 0x0000000080500000| PB 0x0000000080500000| Untracked 
|   6|0x0000000080600000, 0x0000000080700000, 0x0000000080700000|100%|HS|  |TAMS 0x0000000080600000| PB 0x0000000080600000| Complete 
|   7|0x0000000080700000, 0x0000000080800000, 0x0000000080800000|100%| O|  |TAMS 0x0000000080700000| PB 0x0000000080700000| Untracked 
|   8|0x0000000080800000, 0x0000000080900000, 0x0000000080900000|100%| O|  |TAMS 0x0000000080800000| PB 0x0000000080800000| Untracked 
|   9|0x0000000080900000, 0x0000000080a00000, 0x0000000080a00000|100%| O|  |TAMS 0x0000000080900000| PB 0x0000000080900000| Untracked 
|  10|0x0000000080a00000, 0x0000000080b00000, 0x0000000080b00000|100%| O|  |TAMS 0x0000000080a00000| PB 0x0000000080a00000| Untracked 
|  11|0x0000000080b00000, 0x0000000080c00000, 0x0000000080c00000|100%| O|  |TAMS 0x0000000080b00000| PB 0x0000000080b00000| Untracked 
|  12|0x0000000080c00000, 0x0000000080d00000, 0x0000000080d00000|100%| O|  |TAMS 0x0000000080c00000| PB 0x0000000080c00000| Untracked 
|  13|0x0000000080d00000, 0x0000000080e00000, 0x0000000080e00000|100%| O|  |TAMS 0x0000000080d00000| PB 0x0000000080d00000| Untracked 
|  14|0x0000000080e00000, 0x0000000080f00000, 0x0000000080f00000|100%| O|  |TAMS 0x0000000080e00000| PB 0x0000000080e00000| Untracked 
|  15|0x0000000080f00000, 0x0000000081000000, 0x0000000081000000|100%| O|  |TAMS 0x0000000080f00000| PB 0x0000000080f00000| Untracked 
|  16|0x0000000081000000, 0x0000000081100000, 0x0000000081100000|100%| O|  |TAMS 0x0000000081000000| PB 0x0000000081000000| Untracked 
|  17|0x0000000081100000, 0x0000000081200000, 0x0000000081200000|100%| O|  |TAMS 0x0000000081100000| PB 0x0000000081100000| Untracked 
|  18|0x0000000081200000, 0x0000000081300000, 0x0000000081300000|100%| O|  |TAMS 0x0000000081200000| PB 0x0000000081200000| Untracked 
|  19|0x0000000081300000, 0x0000000081400000, 0x0000000081400000|100%| O|Cm|TAMS 0x0000000081300000| PB 0x0000000081300000| Complete 
|  20|0x0000000081400000, 0x000000008147d130, 0x0000000081500000| 48%| O|  |TAMS 0x0000000081400000| PB 0x0000000081400000| Untracked 
|  21|0x0000000081500000, 0x0000000081500000, 0x0000000081600000|  0%| F|  |TAMS 0x0000000081500000| PB 0x0000000081500000| Untracked 
|  22|0x0000000081600000, 0x0000000081600000, 0x0000000081700000|  0%| F|  |TAMS 0x0000000081600000| PB 0x0000000081600000| Untracked 
|  23|0x0000000081700000, 0x0000000081700000, 0x0000000081800000|  0%| F|  |TAMS 0x0000000081700000| PB 0x0000000081700000| Untracked 
|  24|0x0000000081800000, 0x0000000081800000, 0x0000000081900000|  0%| F|  |TAMS 0x0000000081800000| PB 0x0000000081800000| Untracked 
|  25|0x0000000081900000, 0x0000000081900000, 0x0000000081a00000|  0%| F|  |TAMS 0x0000000081900000| PB 0x0000000081900000| Untracked 
|  26|0x0000000081a00000, 0x0000000081a66248, 0x0000000081b00000| 39%| S|CS|TAMS 0x0000000081a00000| PB 0x0000000081a00000| Complete 
|  27|0x0000000081b00000, 0x0000000081c00000, 0x0000000081c00000|100%| S|CS|TAMS 0x0000000081b00000| PB 0x0000000081b00000| Complete 
|  28|0x0000000081c00000, 0x0000000081d00000, 0x0000000081d00000|100%| S|CS|TAMS 0x0000000081c00000| PB 0x0000000081c00000| Complete 
|  29|0x0000000081d00000, 0x0000000081e00000, 0x0000000081e00000|100%| S|CS|TAMS 0x0000000081d00000| PB 0x0000000081d00000| Complete 
|  30|0x0000000081e00000, 0x0000000081f00000, 0x0000000081f00000|100%| S|CS|TAMS 0x0000000081e00000| PB 0x0000000081e00000| Complete 
|  31|0x0000000081f00000, 0x0000000081f00000, 0x0000000082000000|  0%| F|  |TAMS 0x0000000081f00000| PB 0x0000000081f00000| Untracked 
|  32|0x0000000082000000, 0x0000000082000000, 0x0000000082100000|  0%| F|  |TAMS 0x0000000082000000| PB 0x0000000082000000| Untracked 
|  33|0x0000000082100000, 0x0000000082100000, 0x0000000082200000|  0%| F|  |TAMS 0x0000000082100000| PB 0x0000000082100000| Untracked 
|  34|0x0000000082200000, 0x0000000082200000, 0x0000000082300000|  0%| F|  |TAMS 0x0000000082200000| PB 0x0000000082200000| Untracked 
|  35|0x0000000082300000, 0x0000000082300000, 0x0000000082400000|  0%| F|  |TAMS 0x0000000082300000| PB 0x0000000082300000| Untracked 
|  36|0x0000000082400000, 0x0000000082400000, 0x0000000082500000|  0%| F|  |TAMS 0x0000000082400000| PB 0x0000000082400000| Untracked 
|  37|0x0000000082500000, 0x0000000082500000, 0x0000000082600000|  0%| F|  |TAMS 0x0000000082500000| PB 0x0000000082500000| Untracked 
|  38|0x0000000082600000, 0x0000000082600000, 0x0000000082700000|  0%| F|  |TAMS 0x0000000082600000| PB 0x0000000082600000| Untracked 
|  39|0x0000000082700000, 0x0000000082700000, 0x0000000082800000|  0%| F|  |TAMS 0x0000000082700000| PB 0x0000000082700000| Untracked 
|  40|0x0000000082800000, 0x0000000082800000, 0x0000000082900000|  0%| F|  |TAMS 0x0000000082800000| PB 0x0000000082800000| Untracked 
|  41|0x0000000082900000, 0x0000000082900000, 0x0000000082a00000|  0%| F|  |TAMS 0x0000000082900000| PB 0x0000000082900000| Untracked 
|  42|0x0000000082a00000, 0x0000000082a00000, 0x0000000082b00000|  0%| F|  |TAMS 0x0000000082a00000| PB 0x0000000082a00000| Untracked 
|  43|0x0000000082b00000, 0x0000000082b00000, 0x0000000082c00000|  0%| F|  |TAMS 0x0000000082b00000| PB 0x0000000082b00000| Untracked 
|  44|0x0000000082c00000, 0x0000000082c00000, 0x0000000082d00000|  0%| F|  |TAMS 0x0000000082c00000| PB 0x0000000082c00000| Untracked 
|  45|0x0000000082d00000, 0x0000000082d00000, 0x0000000082e00000|  0%| F|  |TAMS 0x0000000082d00000| PB 0x0000000082d00000| Untracked 
|  46|0x0000000082e00000, 0x0000000082e00000, 0x0000000082f00000|  0%| F|  |TAMS 0x0000000082e00000| PB 0x0000000082e00000| Untracked 
|  47|0x0000000082f00000, 0x0000000082f00000, 0x0000000083000000|  0%| F|  |TAMS 0x0000000082f00000| PB 0x0000000082f00000| Untracked 
|  48|0x0000000083000000, 0x0000000083000000, 0x0000000083100000|  0%| F|  |TAMS 0x0000000083000000| PB 0x0000000083000000| Untracked 
|  49|0x0000000083100000, 0x000000008317be10, 0x0000000083200000| 48%| E|  |TAMS 0x0000000083100000| PB 0x0000000083100000| Complete 
|  50|0x0000000083200000, 0x0000000083300000, 0x0000000083300000|100%| E|CS|TAMS 0x0000000083200000| PB 0x0000000083200000| Complete 
|  51|0x0000000083300000, 0x0000000083400000, 0x0000000083400000|100%| E|CS|TAMS 0x0000000083300000| PB 0x0000000083300000| Complete 
|  52|0x0000000083400000, 0x0000000083500000, 0x0000000083500000|100%| E|CS|TAMS 0x0000000083400000| PB 0x0000000083400000| Complete 
|  53|0x0000000083500000, 0x0000000083600000, 0x0000000083600000|100%| E|CS|TAMS 0x0000000083500000| PB 0x0000000083500000| Complete 
|  54|0x0000000083600000, 0x0000000083700000, 0x0000000083700000|100%| E|CS|TAMS 0x0000000083600000| PB 0x0000000083600000| Complete 
|  55|0x0000000083700000, 0x0000000083800000, 0x0000000083800000|100%| E|CS|TAMS 0x0000000083700000| PB 0x0000000083700000| Complete 
| 340|0x0000000095400000, 0x0000000095500000, 0x0000000095500000|100%| E|CS|TAMS 0x0000000095400000| PB 0x0000000095400000| Complete 
| 341|0x0000000095500000, 0x0000000095600000, 0x0000000095600000|100%| E|CS|TAMS 0x0000000095500000| PB 0x0000000095500000| Complete 
| 342|0x0000000095600000, 0x0000000095700000, 0x0000000095700000|100%| E|CS|TAMS 0x0000000095600000| PB 0x0000000095600000| Complete 
| 343|0x0000000095700000, 0x0000000095800000, 0x0000000095800000|100%| E|  |TAMS 0x0000000095700000| PB 0x0000000095700000| Complete 
| 344|0x0000000095800000, 0x0000000095900000, 0x0000000095900000|100%| E|CS|TAMS 0x0000000095800000| PB 0x0000000095800000| Complete 
| 345|0x0000000095900000, 0x0000000095a00000, 0x0000000095a00000|100%| E|CS|TAMS 0x0000000095900000| PB 0x0000000095900000| Complete 
| 346|0x0000000095a00000, 0x0000000095b00000, 0x0000000095b00000|100%| E|CS|TAMS 0x0000000095a00000| PB 0x0000000095a00000| Complete 
| 347|0x0000000095b00000, 0x0000000095c00000, 0x0000000095c00000|100%| E|CS|TAMS 0x0000000095b00000| PB 0x0000000095b00000| Complete 
| 348|0x0000000095c00000, 0x0000000095d00000, 0x0000000095d00000|100%| E|CS|TAMS 0x0000000095c00000| PB 0x0000000095c00000| Complete 
| 349|0x0000000095d00000, 0x0000000095e00000, 0x0000000095e00000|100%| E|CS|TAMS 0x0000000095d00000| PB 0x0000000095d00000| Complete 
| 375|0x0000000097700000, 0x0000000097800000, 0x0000000097800000|100%| E|CS|TAMS 0x0000000097700000| PB 0x0000000097700000| Complete 

Card table byte_map: [0x000002deb3830000,0x000002deb3c30000] _byte_map_base: 0x000002deb3430000

Marking Bits: (CMBitMap*) 0x000002dea0336530
 Bits: [0x000002deb3c30000, 0x000002deb5c30000)

Polling page: 0x000002dea03a0000

Metaspace:

Usage:
  Non-class:     31.64 MB used.
      Class:      5.01 MB used.
       Both:     36.64 MB used.

Virtual space:
  Non-class space:       64.00 MB reserved,      32.12 MB ( 50%) committed,  1 nodes.
      Class space:        1.00 GB reserved,       5.50 MB ( <1%) committed,  1 nodes.
             Both:        1.06 GB reserved,      37.62 MB (  3%) committed. 

Chunk freelists:
   Non-Class:  15.01 MB
       Class:  10.48 MB
        Both:  25.49 MB

MaxMetaspaceSize: unlimited
CompressedClassSpaceSize: 1.00 GB
Initial GC threshold: 21.00 MB
Current GC threshold: 59.00 MB
CDS: off
 - commit_granule_bytes: 65536.
 - commit_granule_words: 8192.
 - virtual_space_node_default_size: 8388608.
 - enlarge_chunks_in_place: 1.
 - use_allocation_guard: 0.


Internal statistics:

num_allocs_failed_limit: 6.
num_arena_births: 1754.
num_arena_deaths: 0.
num_vsnodes_births: 2.
num_vsnodes_deaths: 0.
num_space_committed: 602.
num_space_uncommitted: 0.
num_chunks_returned_to_freelist: 6.
num_chunks_taken_from_freelist: 3069.
num_chunk_merges: 6.
num_chunk_splits: 1972.
num_chunks_enlarged: 1231.
num_inconsistent_stats: 0.

CodeHeap 'non-profiled nmethods': size=119168Kb used=1769Kb max_used=1949Kb free=117398Kb
 bounds [0x000002deab010000, 0x000002deab280000, 0x000002deb2470000]
CodeHeap 'profiled nmethods': size=119104Kb used=6692Kb max_used=7283Kb free=112411Kb
 bounds [0x000002dea3470000, 0x000002dea3b90000, 0x000002deaa8c0000]
CodeHeap 'non-nmethods': size=7488Kb used=3177Kb max_used=3223Kb free=4310Kb
 bounds [0x000002deaa8c0000, 0x000002deaabf0000, 0x000002deab010000]
 total_blobs=3910 nmethods=3327 adapters=484
 compilation: enabled
              stopped_count=0, restarted_count=0
 full_count=0

Compilation events (20 events):
Event: 3.176 Thread 0x000002debe6f1270 nmethod 3702 0x000002dea3537810 code [0x000002dea35379c0, 0x000002dea3537c10]
Event: 3.177 Thread 0x000002deb8e78080 nmethod 3701 0x000002dea364c010 code [0x000002dea364c260, 0x000002dea364cb28]
Event: 3.177 Thread 0x000002deb8cc2340 3703       3       org.objectweb.asm.MethodVisitor::visitTypeInsn (17 bytes)
Event: 3.177 Thread 0x000002debe6f1270 3704       3       org.objectweb.asm.MethodWriter::visitTypeInsn (116 bytes)
Event: 3.177 Thread 0x000002deb8cc2340 nmethod 3703 0x000002dea355cf90 code [0x000002dea355d140, 0x000002dea355d340]
Event: 3.177 Thread 0x000002deb8cc2340 3705       1       com.google.common.collect.LinkedHashMultimap$ValueSet::size (5 bytes)
Event: 3.177 Thread 0x000002deb8e78080 3706       1       com.google.common.collect.LinkedHashMultimap$ValueSet::access$100 (5 bytes)
Event: 3.177 Thread 0x000002deb8cc2340 nmethod 3705 0x000002deab111410 code [0x000002deab1115a0, 0x000002deab111668]
Event: 3.177 Thread 0x000002deb8e78080 nmethod 3706 0x000002deab111110 code [0x000002deab1112a0, 0x000002deab111350]
Event: 3.177 Thread 0x000002debe6f1270 nmethod 3704 0x000002dea3536e10 code [0x000002dea3537000, 0x000002dea3537450]
Event: 3.177 Thread 0x000002deb8e78080 3707       3       org.objectweb.asm.FieldWriter::computeFieldInfoSize (86 bytes)
Event: 3.177 Thread 0x000002deb907f000 3708       3       org.objectweb.asm.FieldWriter::putFieldInfo (269 bytes)
Event: 3.178 Thread 0x000002deb8e78080 nmethod 3707 0x000002dea351f010 code [0x000002dea351f200, 0x000002dea351f4e0]
Event: 3.178 Thread 0x000002deb907f000 nmethod 3708 0x000002dea352c490 code [0x000002dea352c740, 0x000002dea352d070]
Event: 3.178 Thread 0x000002deb95c1710 nmethod 3672 0x000002deab041910 code [0x000002deab041b20, 0x000002deab042b38]
Event: 3.179 Thread 0x000002deb95d4190 nmethod 3674 0x000002deab0aa710 code [0x000002deab0aab60, 0x000002deab0abb78]
Event: 3.181 Thread 0x000002deb907f000 3709       3       java.lang.invoke.MemberName::equals (69 bytes)
Event: 3.181 Thread 0x000002deb8cc2340 3710       3       java.lang.ThreadLocal$ThreadLocalMap::set (133 bytes)
Event: 3.181 Thread 0x000002deb907f000 nmethod 3709 0x000002dea34b7590 code [0x000002dea34b7820, 0x000002dea34b8320]
Event: 3.182 Thread 0x000002deb8cc2340 nmethod 3710 0x000002dea3542e10 code [0x000002dea35430a0, 0x000002dea3543d40]

GC Heap History (14 events):
Event: 0.459 GC heap before
{Heap before GC invocations=0 (full 0):
 garbage-first heap   total 385024K, used 22528K [0x0000000080000000, 0x0000000100000000)
  region size 1024K, 23 young (23552K), 0 survivors (0K)
 Metaspace       used 7992K, committed 8128K, reserved 1114112K
  class space    used 709K, committed 768K, reserved 1048576K
}
Event: 0.462 GC heap after
{Heap after GC invocations=1 (full 0):
 garbage-first heap   total 385024K, used 2695K [0x0000000080000000, 0x0000000100000000)
  region size 1024K, 3 young (3072K), 3 survivors (3072K)
 Metaspace       used 7992K, committed 8128K, reserved 1114112K
  class space    used 709K, committed 768K, reserved 1048576K
}
Event: 0.979 GC heap before
{Heap before GC invocations=1 (full 0):
 garbage-first heap   total 385024K, used 40583K [0x0000000080000000, 0x0000000100000000)
  region size 1024K, 38 young (38912K), 3 survivors (3072K)
 Metaspace       used 12245K, committed 12480K, reserved 1114112K
  class space    used 1276K, committed 1408K, reserved 1048576K
}
Event: 0.982 GC heap after
{Heap after GC invocations=2 (full 0):
 garbage-first heap   total 385024K, used 10381K [0x0000000080000000, 0x0000000100000000)
  region size 1024K, 5 young (5120K), 5 survivors (5120K)
 Metaspace       used 12245K, committed 12480K, reserved 1114112K
  class space    used 1276K, committed 1408K, reserved 1048576K
}
Event: 1.307 GC heap before
{Heap before GC invocations=2 (full 0):
 garbage-first heap   total 385024K, used 61581K [0x0000000080000000, 0x0000000100000000)
  region size 1024K, 53 young (54272K), 5 survivors (5120K)
 Metaspace       used 14348K, committed 14656K, reserved 1114112K
  class space    used 1561K, committed 1728K, reserved 1048576K
}
Event: 1.310 GC heap after
{Heap after GC invocations=3 (full 0):
 garbage-first heap   total 385024K, used 16767K [0x0000000080000000, 0x0000000100000000)
  region size 1024K, 7 young (7168K), 7 survivors (7168K)
 Metaspace       used 14348K, committed 14656K, reserved 1114112K
  class space    used 1561K, committed 1728K, reserved 1048576K
}
Event: 1.703 GC heap before
{Heap before GC invocations=3 (full 0):
 garbage-first heap   total 385024K, used 42367K [0x0000000080000000, 0x0000000100000000)
  region size 1024K, 33 young (33792K), 7 survivors (7168K)
 Metaspace       used 21243K, committed 21504K, reserved 1114112K
  class space    used 2448K, committed 2560K, reserved 1048576K
}
Event: 1.707 GC heap after
{Heap after GC invocations=4 (full 0):
 garbage-first heap   total 385024K, used 19613K [0x0000000080000000, 0x0000000100000000)
  region size 1024K, 10 young (10240K), 10 survivors (10240K)
 Metaspace       used 21243K, committed 21504K, reserved 1114112K
  class space    used 2448K, committed 2560K, reserved 1048576K
}
Event: 2.097 GC heap before
{Heap before GC invocations=5 (full 0):
 garbage-first heap   total 68608K, used 49309K [0x0000000080000000, 0x0000000100000000)
  region size 1024K, 40 young (40960K), 10 survivors (10240K)
 Metaspace       used 26338K, committed 26816K, reserved 1114112K
  class space    used 3240K, committed 3456K, reserved 1048576K
}
Event: 2.101 GC heap after
{Heap after GC invocations=6 (full 0):
 garbage-first heap   total 68608K, used 21194K [0x0000000080000000, 0x0000000100000000)
  region size 1024K, 5 young (5120K), 5 survivors (5120K)
 Metaspace       used 26338K, committed 26816K, reserved 1114112K
  class space    used 3240K, committed 3456K, reserved 1048576K
}
Event: 2.656 GC heap before
{Heap before GC invocations=6 (full 0):
 garbage-first heap   total 68608K, used 53962K [0x0000000080000000, 0x0000000100000000)
  region size 1024K, 37 young (37888K), 5 survivors (5120K)
 Metaspace       used 30832K, committed 31488K, reserved 1114112K
  class space    used 4024K, committed 4352K, reserved 1048576K
}
Event: 2.659 GC heap after
{Heap after GC invocations=7 (full 0):
 garbage-first heap   total 68608K, used 23352K [0x0000000080000000, 0x0000000100000000)
  region size 1024K, 4 young (4096K), 4 survivors (4096K)
 Metaspace       used 30832K, committed 31488K, reserved 1114112K
  class space    used 4024K, committed 4352K, reserved 1048576K
}
Event: 3.021 GC heap before
{Heap before GC invocations=7 (full 0):
 garbage-first heap   total 68608K, used 55096K [0x0000000080000000, 0x0000000100000000)
  region size 1024K, 36 young (36864K), 4 survivors (4096K)
 Metaspace       used 35328K, committed 36096K, reserved 1114112K
  class space    used 4755K, committed 5120K, reserved 1048576K
}
Event: 3.024 GC heap after
{Heap after GC invocations=8 (full 0):
 garbage-first heap   total 68608K, used 25484K [0x0000000080000000, 0x0000000100000000)
  region size 1024K, 5 young (5120K), 5 survivors (5120K)
 Metaspace       used 35328K, committed 36096K, reserved 1114112K
  class space    used 4755K, committed 5120K, reserved 1048576K
}

Dll operation events (3 events):
Event: 0.010 Loaded shared library C:\Program Files\Android\Android Studio\jbr\bin\java.dll
Event: 0.018 Loaded shared library C:\Program Files\Android\Android Studio\jbr\bin\zip.dll
Event: 0.541 Loaded shared library C:\Program Files\Android\Android Studio\jbr\bin\verify.dll

Deoptimization events (20 events):
Event: 2.715 Thread 0x000002debf5476c0 Uncommon trap: trap_request=0xffffff45 fr.pc=0x000002deab125f84 relative=0x00000000000003a4
Event: 2.715 Thread 0x000002debf5476c0 Uncommon trap: reason=unstable_if action=reinterpret pc=0x000002deab125f84 method=jdk.internal.org.objectweb.asm.SymbolTable.addType(Ljava/lang/String;)I @ 33 c2
Event: 2.715 Thread 0x000002debf5476c0 DEOPT PACKING pc=0x000002deab125f84 sp=0x000000fbc9cfa350
Event: 2.715 Thread 0x000002debf5476c0 DEOPT UNPACKING pc=0x000002deaa9146a2 sp=0x000000fbc9cfa2d8 mode 2
Event: 2.807 Thread 0x000002debf5476c0 Uncommon trap: trap_request=0xffffff45 fr.pc=0x000002deab14854c relative=0x0000000000000d0c
Event: 2.807 Thread 0x000002debf5476c0 Uncommon trap: reason=unstable_if action=reinterpret pc=0x000002deab14854c method=jdk.internal.org.objectweb.asm.SymbolTable.addType(Ljava/lang/String;)I @ 33 c2
Event: 2.807 Thread 0x000002debf5476c0 DEOPT PACKING pc=0x000002deab14854c sp=0x000000fbc9cfc100
Event: 2.807 Thread 0x000002debf5476c0 DEOPT UNPACKING pc=0x000002deaa9146a2 sp=0x000000fbc9cfc038 mode 2
Event: 2.838 Thread 0x000002debf5476c0 Uncommon trap: trap_request=0xffffff76 fr.pc=0x000002deab1d1704 relative=0x00000000000001c4
Event: 2.838 Thread 0x000002debf5476c0 Uncommon trap: reason=predicate action=maybe_recompile pc=0x000002deab1d1704 method=com.google.common.base.CharMatcher.indexIn(Ljava/lang/CharSequence;I)I @ 19 c2
Event: 2.838 Thread 0x000002debf5476c0 DEOPT PACKING pc=0x000002deab1d1704 sp=0x000000fbc9cfb380
Event: 2.838 Thread 0x000002debf5476c0 DEOPT UNPACKING pc=0x000002deaa9146a2 sp=0x000000fbc9cfb310 mode 2
Event: 2.895 Thread 0x000002debf5476c0 Uncommon trap: trap_request=0xffffff45 fr.pc=0x000002deab0c4860 relative=0x0000000000000740
Event: 2.895 Thread 0x000002debf5476c0 Uncommon trap: reason=unstable_if action=reinterpret pc=0x000002deab0c4860 method=java.util.Properties$LineReader.readLine()I @ 95 c2
Event: 2.895 Thread 0x000002debf5476c0 DEOPT PACKING pc=0x000002deab0c4860 sp=0x000000fbc9cfb600
Event: 2.895 Thread 0x000002debf5476c0 DEOPT UNPACKING pc=0x000002deaa9146a2 sp=0x000000fbc9cfb5b0 mode 2
Event: 3.132 Thread 0x000002debf5476c0 Uncommon trap: trap_request=0xffffff45 fr.pc=0x000002deab0b51bc relative=0x00000000000002dc
Event: 3.132 Thread 0x000002debf5476c0 Uncommon trap: reason=unstable_if action=reinterpret pc=0x000002deab0b51bc method=java.util.HashMap.hash(Ljava/lang/Object;)I @ 1 c2
Event: 3.132 Thread 0x000002debf5476c0 DEOPT PACKING pc=0x000002deab0b51bc sp=0x000000fbc9cf88e0
Event: 3.132 Thread 0x000002debf5476c0 DEOPT UNPACKING pc=0x000002deaa9146a2 sp=0x000000fbc9cf8778 mode 2

Classes loaded (20 events):
Event: 2.875 Loading class java/util/ArrayDeque$DeqSpliterator
Event: 2.876 Loading class java/util/ArrayDeque$DeqSpliterator done
Event: 3.044 Loading class jdk/internal/reflect/MethodHandleIntegerFieldAccessorImpl
Event: 3.044 Loading class jdk/internal/reflect/MethodHandleIntegerFieldAccessorImpl done
Event: 3.114 Loading class java/lang/invoke/BoundMethodHandle$Species_LLLLLLLLLLLLLLLLLLLLLLLL
Event: 3.114 Loading class java/lang/invoke/BoundMethodHandle$Species_LLLLLLLLLLLLLLLLLLLLLLLL done
Event: 3.126 Loading class java/lang/invoke/SerializedLambda
Event: 3.126 Loading class java/lang/invoke/SerializedLambda done
Event: 3.129 Loading class java/lang/reflect/AnnotatedType
Event: 3.129 Loading class java/lang/reflect/AnnotatedType done
Event: 3.131 Loading class sun/reflect/misc/ReflectUtil
Event: 3.131 Loading class sun/reflect/misc/ReflectUtil done
Event: 3.136 Loading class sun/reflect/generics/tree/IntSignature
Event: 3.136 Loading class sun/reflect/generics/tree/IntSignature done
Event: 3.136 Loading class sun/reflect/generics/tree/ArrayTypeSignature
Event: 3.136 Loading class sun/reflect/generics/tree/ArrayTypeSignature done
Event: 3.141 Loading class java/lang/SafeVarargs
Event: 3.142 Loading class java/lang/SafeVarargs done
Event: 3.178 Loading class java/util/regex/Pattern$GroupCurly
Event: 3.179 Loading class java/util/regex/Pattern$GroupCurly done

Classes unloaded (0 events):
No events

Classes redefined (0 events):
No events

Internal exceptions (20 events):
Event: 2.725 Thread 0x000002debf5476c0 Exception <a 'java/lang/NoSuchMethodError'{0x00000000959b2f38}: 'java.lang.Object java.lang.invoke.Invokers$Holder.invoker(java.lang.Object, java.lang.Object, java.lang.Object, java.lang.Object, java.lang.Object, java.lang.Object, java.lang.Object, java.lang.Object, java.lang.Object, java.lang.Object, java.lang.Object, java.lang.Object, java.lang.Object, java.lang.Object, java.lang.Object, java.lang.Object, java.lang.Object, java.lang.Object, java.lang.Object, java.lang.Object, java.lang.Object, java.lang.
Event: 2.725 Thread 0x000002debf5476c0 Exception <a 'java/lang/NoSuchMethodError'{0x00000000959b9120}: 'java.lang.Object java.lang.invoke.DelegatingMethodHandle$Holder.delegate(java.lang.Object, java.lang.Object, java.lang.Object, java.lang.Object, java.lang.Object, java.lang.Object, java.lang.Object, java.lang.Object, java.lang.Object, java.lang.Object, java.lang.Object, java.lang.Object, java.lang.Object, java.lang.Object, java.lang.Object, java.lang.Object, java.lang.Object, java.lang.Object, java.lang.Object, java.lang.Object, java.lang.Obj
Event: 2.737 Thread 0x000002debf5476c0 Exception <a 'java/lang/NoSuchMethodError'{0x00000000957d9120}: 'java.lang.Object java.lang.invoke.DirectMethodHandle$Holder.invokeStaticInit(java.lang.Object, java.lang.Object, java.lang.Object, java.lang.Object)'> (0x00000000957d9120) 
thrown [s\src\hotspot\share\interpreter\linkResolver.cpp, line 784]
Event: 2.756 Thread 0x000002debf5476c0 Exception <a 'java/lang/NoSuchMethodError'{0x0000000095593cc8}: 'void java.lang.invoke.DirectMethodHandle$Holder.invokeStatic(java.lang.Object, java.lang.Object, java.lang.Object, java.lang.Object)'> (0x0000000095593cc8) 
thrown [s\src\hotspot\share\interpreter\linkResolver.cpp, line 784]
Event: 2.765 Thread 0x000002debf5476c0 Exception <a 'java/lang/NoSuchMethodError'{0x0000000095427f70}: 'java.lang.Object java.lang.invoke.DirectMethodHandle$Holder.invokeVirtual(java.lang.Object, java.lang.Object, java.lang.Object, java.lang.Object, java.lang.Object, java.lang.Object, java.lang.Object, java.lang.Object, java.lang.Object, java.lang.Object, java.lang.Object, java.lang.Object, java.lang.Object)'> (0x0000000095427f70) 
thrown [s\src\hotspot\share\interpreter\linkResolver.cpp, line 784]
Event: 2.765 Thread 0x000002debf5476c0 Exception <a 'java/lang/NoSuchMethodError'{0x000000009542d1a8}: 'java.lang.Object java.lang.invoke.DirectMethodHandle$Holder.invokeSpecial(java.lang.Object, java.lang.Object, java.lang.Object, java.lang.Object, java.lang.Object, java.lang.Object, java.lang.Object, java.lang.Object, java.lang.Object, java.lang.Object, java.lang.Object, java.lang.Object, java.lang.Object, java.lang.Object)'> (0x000000009542d1a8) 
thrown [s\src\hotspot\share\interpreter\linkResolver.cpp, line 784]
Event: 2.765 Thread 0x000002debf5476c0 Exception <a 'java/lang/NoSuchMethodError'{0x0000000095431ef8}: 'java.lang.Object java.lang.invoke.DelegatingMethodHandle$Holder.reinvoke_L(java.lang.Object, java.lang.Object, java.lang.Object, java.lang.Object, java.lang.Object, java.lang.Object, java.lang.Object, java.lang.Object, java.lang.Object, java.lang.Object, java.lang.Object, java.lang.Object, java.lang.Object)'> (0x0000000095431ef8) 
thrown [s\src\hotspot\share\interpreter\linkResolver.cpp, line 784]
Event: 2.781 Thread 0x000002debf5476c0 Exception <a 'java/lang/NoSuchMethodError'{0x00000000837cfae0}: 'void java.lang.invoke.DirectMethodHandle$Holder.invokeStaticInit(java.lang.Object, java.lang.Object)'> (0x00000000837cfae0) 
thrown [s\src\hotspot\share\interpreter\linkResolver.cpp, line 784]
Event: 2.873 Thread 0x000002debf5476c0 Exception <a 'java/lang/NoSuchMethodError'{0x0000000083001498}: 'int java.lang.invoke.DirectMethodHandle$Holder.invokeVirtual(java.lang.Object, java.lang.Object)'> (0x0000000083001498) 
thrown [s\src\hotspot\share\interpreter\linkResolver.cpp, line 784]
Event: 2.910 Thread 0x000002debf5476c0 Exception <a 'java/lang/NoSuchMethodError'{0x0000000082ec64b8}: 'void java.lang.invoke.DirectMethodHandle$Holder.invokeInterface(java.lang.Object, java.lang.Object, java.lang.Object, java.lang.Object, java.lang.Object)'> (0x0000000082ec64b8) 
thrown [s\src\hotspot\share\interpreter\linkResolver.cpp, line 784]
Event: 2.913 Thread 0x000002debf5476c0 Exception <a 'java/lang/NoSuchMethodError'{0x0000000082d297a0}: 'void java.lang.invoke.DirectMethodHandle$Holder.invokeStatic(java.lang.Object, java.lang.Object, java.lang.Object, java.lang.Object, java.lang.Object, java.lang.Object)'> (0x0000000082d297a0) 
thrown [s\src\hotspot\share\interpreter\linkResolver.cpp, line 784]
Event: 3.041 Thread 0x000002debf5476c0 Exception <a 'java/lang/NoSuchMethodError'{0x00000000977ce2b0}: 'java.lang.Object java.lang.invoke.DirectMethodHandle$Holder.newInvokeSpecial(java.lang.Object, java.lang.Object, int, int)'> (0x00000000977ce2b0) 
thrown [s\src\hotspot\share\interpreter\linkResolver.cpp, line 784]
Event: 3.044 Thread 0x000002debf5476c0 Exception <a 'java/lang/NoSuchMethodError'{0x0000000095d08d40}: 'void java.lang.invoke.DirectMethodHandle$Holder.invokeSpecial(java.lang.Object, java.lang.Object, int)'> (0x0000000095d08d40) 
thrown [s\src\hotspot\share\interpreter\linkResolver.cpp, line 784]
Event: 3.044 Thread 0x000002debf5476c0 Exception <a 'java/lang/NoSuchMethodError'{0x0000000095d0d2e0}: 'void java.lang.invoke.Invokers$Holder.invokeExact_MT(java.lang.Object, int, java.lang.Object)'> (0x0000000095d0d2e0) 
thrown [s\src\hotspot\share\interpreter\linkResolver.cpp, line 784]
Event: 3.074 Thread 0x000002debf5476c0 Exception <a 'java/lang/NoSuchMethodError'{0x0000000095b17190}: 'java.lang.Object java.lang.invoke.DirectMethodHandle$Holder.newInvokeSpecial(java.lang.Object, java.lang.Object, java.lang.Object, java.lang.Object, java.lang.Object, java.lang.Object, java.lang.Object, java.lang.Object, java.lang.Object, java.lang.Object, java.lang.Object)'> (0x0000000095b17190) 
thrown [s\src\hotspot\share\interpreter\linkResolver.cpp, line 784]
Event: 3.087 Thread 0x000002debf5476c0 Exception <a 'java/lang/NoSuchMethodError'{0x0000000095a5b130}: 'java.lang.Object java.lang.invoke.DirectMethodHandle$Holder.invokeSpecialIFC(java.lang.Object, java.lang.Object, java.lang.Object, java.lang.Object)'> (0x0000000095a5b130) 
thrown [s\src\hotspot\share\interpreter\linkResolver.cpp, line 784]
Event: 3.112 Thread 0x000002debf5476c0 Exception <a 'java/lang/NoSuchMethodError'{0x00000000958e2060}: 'java.lang.Object java.lang.invoke.DirectMethodHandle$Holder.invokeVirtual(java.lang.Object, java.lang.Object, java.lang.Object, java.lang.Object, java.lang.Object, java.lang.Object, java.lang.Object, java.lang.Object, java.lang.Object, java.lang.Object, java.lang.Object, java.lang.Object, java.lang.Object, java.lang.Object, java.lang.Object, java.lang.Object, java.lang.Object, java.lang.Object, java.lang.Object, java.lang.Object, java.lang.Ob
Event: 3.112 Thread 0x000002debf5476c0 Exception <a 'java/lang/NoSuchMethodError'{0x00000000958e8b80}: 'java.lang.Object java.lang.invoke.DelegatingMethodHandle$Holder.reinvoke_L(java.lang.Object, java.lang.Object, java.lang.Object, java.lang.Object, java.lang.Object, java.lang.Object, java.lang.Object, java.lang.Object, java.lang.Object, java.lang.Object, java.lang.Object, java.lang.Object, java.lang.Object, java.lang.Object, java.lang.Object, java.lang.Object, java.lang.Object, java.lang.Object, java.lang.Object, java.lang.Object, java.lang.O
Event: 3.115 Thread 0x000002debf5476c0 Exception <a 'java/lang/NoSuchMethodError'{0x00000000957b73a0}: 'java.lang.Object java.lang.invoke.DirectMethodHandle$Holder.invokeStatic(java.lang.Object, java.lang.Object, java.lang.Object, java.lang.Object, java.lang.Object, java.lang.Object, java.lang.Object, java.lang.Object, java.lang.Object, java.lang.Object, java.lang.Object, java.lang.Object, java.lang.Object, java.lang.Object, java.lang.Object, java.lang.Object, java.lang.Object, java.lang.Object, java.lang.Object, java.lang.Object, java.lang.Obj
Event: 3.132 Thread 0x000002debf5476c0 Implicit null exception at 0x000002deab0b4f3a to 0x000002deab0b51a4

ZGC Phase Switch (0 events):
No events

VM Operations (20 events):
Event: 2.084 Executing VM operation: HandshakeAllThreads (Deoptimize)
Event: 2.084 Executing VM operation: HandshakeAllThreads (Deoptimize) done
Event: 2.096 Executing VM operation: G1CollectForAllocation (G1 Evacuation Pause)
Event: 2.101 Executing VM operation: G1CollectForAllocation (G1 Evacuation Pause) done
Event: 2.642 Executing VM operation: ICBufferFull
Event: 2.642 Executing VM operation: ICBufferFull done
Event: 2.656 Executing VM operation: G1CollectForAllocation (G1 Evacuation Pause)
Event: 2.659 Executing VM operation: G1CollectForAllocation (G1 Evacuation Pause) done
Event: 2.897 Executing VM operation: HandshakeAllThreads (Deoptimize)
Event: 2.897 Executing VM operation: HandshakeAllThreads (Deoptimize) done
Event: 2.898 Executing VM operation: HandshakeAllThreads (Deoptimize)
Event: 2.898 Executing VM operation: HandshakeAllThreads (Deoptimize) done
Event: 3.021 Executing VM operation: CollectForMetadataAllocation (Metadata GC Threshold)
Event: 3.024 Executing VM operation: CollectForMetadataAllocation (Metadata GC Threshold) done
Event: 3.030 Executing VM operation: G1PauseRemark
Event: 3.032 Executing VM operation: G1PauseRemark done
Event: 3.034 Executing VM operation: G1PauseCleanup
Event: 3.034 Executing VM operation: G1PauseCleanup done
Event: 3.134 Executing VM operation: HandshakeAllThreads (Deoptimize)
Event: 3.134 Executing VM operation: HandshakeAllThreads (Deoptimize) done

Memory protections (0 events):
No events

Nmethod flushes (20 events):
Event: 3.032 Thread 0x000002deb8e1db50 flushing  nmethod 0x000002dea35f1310
Event: 3.032 Thread 0x000002deb8e1db50 flushing  nmethod 0x000002dea35f7590
Event: 3.032 Thread 0x000002deb8e1db50 flushing  nmethod 0x000002dea3670790
Event: 3.032 Thread 0x000002deb8e1db50 flushing  nmethod 0x000002dea3670a90
Event: 3.032 Thread 0x000002deb8e1db50 flushing  nmethod 0x000002dea3735290
Event: 3.032 Thread 0x000002deb8e1db50 flushing  nmethod 0x000002dea37f4890
Event: 3.032 Thread 0x000002deb8e1db50 flushing  nmethod 0x000002dea3896e10
Event: 3.032 Thread 0x000002deb8e1db50 flushing  nmethod 0x000002dea389f690
Event: 3.032 Thread 0x000002deb8e1db50 flushing  nmethod 0x000002dea35a0690
Event: 3.032 Thread 0x000002deb8e1db50 flushing  nmethod 0x000002dea35a9310
Event: 3.032 Thread 0x000002deb8e1db50 flushing  nmethod 0x000002dea35a9b10
Event: 3.032 Thread 0x000002deb8e1db50 flushing  nmethod 0x000002dea35ae210
Event: 3.032 Thread 0x000002deb8e1db50 flushing  nmethod 0x000002dea3621c90
Event: 3.032 Thread 0x000002deb8e1db50 flushing  nmethod 0x000002dea365a410
Event: 3.032 Thread 0x000002deb8e1db50 flushing  nmethod 0x000002dea365b810
Event: 3.032 Thread 0x000002deb8e1db50 flushing  nmethod 0x000002dea365d390
Event: 3.032 Thread 0x000002deb8e1db50 flushing  nmethod 0x000002dea365d810
Event: 3.032 Thread 0x000002deb8e1db50 flushing  nmethod 0x000002dea38bb990
Event: 3.032 Thread 0x000002deb8e1db50 flushing  nmethod 0x000002dea391ce90
Event: 3.032 Thread 0x000002deb8e1db50 flushing  nmethod 0x000002dea391e210

Events (20 events):
Event: 1.378 Thread 0x000002de9e809470 Thread added: 0x000002debf50bd50
Event: 1.501 Loaded shared library C:\Program Files\Android\Android Studio\jbr\bin\extnet.dll
Event: 1.528 Thread 0x000002de9e809470 Thread added: 0x000002debf4c3330
Event: 1.570 Thread 0x000002de9e809470 Thread added: 0x000002debf4ca240
Event: 1.598 Thread 0x000002debf4c3330 Thread added: 0x000002debf66f660
Event: 1.600 Thread 0x000002debf66f660 Thread added: 0x000002debf68f280
Event: 1.620 Thread 0x000002debf66f660 Thread added: 0x000002debf547060
Event: 1.627 Thread 0x000002debf66f660 Thread added: 0x000002debf5476c0
Event: 1.634 Thread 0x000002debf5476c0 Thread added: 0x000002debf548450
Event: 1.637 Thread 0x000002debf5476c0 Thread added: 0x000002debf548d90
Event: 1.638 Thread 0x000002debf5476c0 Thread added: 0x000002debf6e68c0
Event: 1.909 Thread 0x000002debf5476c0 Thread added: 0x000002debf6e47f0
Event: 1.917 Thread 0x000002debf5476c0 Thread added: 0x000002debf6e6f50
Event: 1.937 Thread 0x000002debf5476c0 Thread added: 0x000002debf6e75e0
Event: 2.505 Thread 0x000002debf5476c0 Thread added: 0x000002debf6e4e80
Event: 2.709 Thread 0x000002debf5476c0 Thread added: 0x000002debf6e6230
Event: 2.721 Thread 0x000002debf5476c0 Thread added: 0x000002debf6e4160
Event: 2.866 Thread 0x000002debf5476c0 Thread added: 0x000002debf6e5ba0
Event: 2.872 Thread 0x000002debf5476c0 Thread added: 0x000002debf6e5510
Event: 3.081 Thread 0x000002debf5476c0 Thread added: 0x000002dec34a0040


Dynamic libraries:
0x00007ff6e18f0000 - 0x00007ff6e18fa000 	C:\Program Files\Android\Android Studio\jbr\bin\java.exe
0x00007ffc8f9a0000 - 0x00007ffc8fc03000 	C:\WINDOWS\SYSTEM32\ntdll.dll
0x00007ffc8ed30000 - 0x00007ffc8edf7000 	C:\WINDOWS\System32\KERNEL32.DLL
0x00007ffc8d120000 - 0x00007ffc8d4e9000 	C:\WINDOWS\System32\KERNELBASE.dll
0x00007ffc8d5b0000 - 0x00007ffc8d6fc000 	C:\WINDOWS\System32\ucrtbase.dll
0x00007ffc7a240000 - 0x00007ffc7a258000 	C:\Program Files\Android\Android Studio\jbr\bin\jli.dll
0x00007ffc5e850000 - 0x00007ffc5e86b000 	C:\Program Files\Android\Android Studio\jbr\bin\VCRUNTIME140.dll
0x00007ffc8f440000 - 0x00007ffc8f60a000 	C:\WINDOWS\System32\USER32.dll
0x00007ffc8d580000 - 0x00007ffc8d5a7000 	C:\WINDOWS\System32\win32u.dll
0x00007ffc7b470000 - 0x00007ffc7b700000 	C:\WINDOWS\WinSxS\amd64_microsoft.windows.common-controls_6595b64144ccf1df_6.0.26100.3323_none_3e088096e3344490\COMCTL32.dll
0x00007ffc8f410000 - 0x00007ffc8f43a000 	C:\WINDOWS\System32\GDI32.dll
0x00007ffc8d800000 - 0x00007ffc8d8a9000 	C:\WINDOWS\System32\msvcrt.dll
0x00007ffc8cfe0000 - 0x00007ffc8d111000 	C:\WINDOWS\System32\gdi32full.dll
0x00007ffc8cba0000 - 0x00007ffc8cc43000 	C:\WINDOWS\System32\msvcp_win.dll
0x00007ffc8d7c0000 - 0x00007ffc8d7ef000 	C:\WINDOWS\System32\IMM32.DLL
0x00007ffc61170000 - 0x00007ffc6117c000 	C:\Program Files\Android\Android Studio\jbr\bin\vcruntime140_1.dll
0x00007ffc60540000 - 0x00007ffc605cd000 	C:\Program Files\Android\Android Studio\jbr\bin\msvcp140.dll
0x00007ffbedf00000 - 0x00007ffbeeb8a000 	C:\Program Files\Android\Android Studio\jbr\bin\server\jvm.dll
0x00007ffc8f2d0000 - 0x00007ffc8f382000 	C:\WINDOWS\System32\ADVAPI32.dll
0x00007ffc8ec80000 - 0x00007ffc8ed26000 	C:\WINDOWS\System32\sechost.dll
0x00007ffc8e070000 - 0x00007ffc8e186000 	C:\WINDOWS\System32\RPCRT4.dll
0x00007ffc8ec00000 - 0x00007ffc8ec74000 	C:\WINDOWS\System32\WS2_32.dll
0x00007ffc8ca30000 - 0x00007ffc8ca7e000 	C:\WINDOWS\SYSTEM32\POWRPROF.dll
0x00007ffc8a480000 - 0x00007ffc8a4b6000 	C:\WINDOWS\SYSTEM32\WINMM.dll
0x00007ffc87f60000 - 0x00007ffc87f6b000 	C:\WINDOWS\SYSTEM32\VERSION.dll
0x00007ffc8ca10000 - 0x00007ffc8ca24000 	C:\WINDOWS\SYSTEM32\UMPDC.dll
0x00007ffc8b9c0000 - 0x00007ffc8b9da000 	C:\WINDOWS\SYSTEM32\kernel.appcore.dll
0x00007ffc60240000 - 0x00007ffc6024a000 	C:\Program Files\Android\Android Studio\jbr\bin\jimage.dll
0x00007ffc8a230000 - 0x00007ffc8a471000 	C:\WINDOWS\SYSTEM32\DBGHELP.DLL
0x00007ffc8eee0000 - 0x00007ffc8f262000 	C:\WINDOWS\System32\combase.dll
0x00007ffc8f690000 - 0x00007ffc8f766000 	C:\WINDOWS\System32\OLEAUT32.dll
0x00007ffc8a1d0000 - 0x00007ffc8a209000 	C:\WINDOWS\SYSTEM32\dbgcore.DLL
0x00007ffc8cf40000 - 0x00007ffc8cfd9000 	C:\WINDOWS\System32\bcryptPrimitives.dll
0x00007ffc7a160000 - 0x00007ffc7a16e000 	C:\Program Files\Android\Android Studio\jbr\bin\instrument.dll
0x00007ffc5cbc0000 - 0x00007ffc5cbe0000 	C:\Program Files\Android\Android Studio\jbr\bin\java.dll
0x00007ffc5cb80000 - 0x00007ffc5cb98000 	C:\Program Files\Android\Android Studio\jbr\bin\zip.dll
0x00007ffc8d8b0000 - 0x00007ffc8dfc5000 	C:\WINDOWS\System32\SHELL32.dll
0x00007ffc8cdd0000 - 0x00007ffc8cf38000 	C:\WINDOWS\System32\wintypes.dll
0x00007ffc8a860000 - 0x00007ffc8b0a5000 	C:\WINDOWS\SYSTEM32\windows.storage.dll
0x00007ffc8e360000 - 0x00007ffc8e44b000 	C:\WINDOWS\System32\SHCORE.dll
0x00007ffc8f270000 - 0x00007ffc8f2cd000 	C:\WINDOWS\System32\shlwapi.dll
0x00007ffc8cab0000 - 0x00007ffc8cadf000 	C:\WINDOWS\SYSTEM32\profapi.dll
0x00007ffc5e690000 - 0x00007ffc5e6a0000 	C:\Program Files\Android\Android Studio\jbr\bin\net.dll
0x00007ffc856c0000 - 0x00007ffc857de000 	C:\WINDOWS\SYSTEM32\WINHTTP.dll
0x00007ffc8bee0000 - 0x00007ffc8bf4a000 	C:\WINDOWS\system32\mswsock.dll
0x00007ffc5b210000 - 0x00007ffc5b226000 	C:\Program Files\Android\Android Studio\jbr\bin\nio.dll
0x00007ffc5cb60000 - 0x00007ffc5cb70000 	C:\Program Files\Android\Android Studio\jbr\bin\verify.dll
0x00007ffc6ae70000 - 0x00007ffc6ae97000 	C:\Users\arjun\.gradle\native\c067742578af261105cb4f569cf0c3c89f3d7b1fecec35dd04571415982c5e48\windows-amd64\native-platform.dll
0x00007ffc56f20000 - 0x00007ffc57064000 	C:\Users\arjun\.gradle\native\100fb08df4bc3b14c8652ba06237920a3bd2aa13389f12d3474272988ae205f9\windows-amd64\native-platform-file-events.dll
0x00007ffc5d310000 - 0x00007ffc5d319000 	C:\Program Files\Android\Android Studio\jbr\bin\management.dll
0x00007ffc5cb70000 - 0x00007ffc5cb7b000 	C:\Program Files\Android\Android Studio\jbr\bin\management_ext.dll
0x00007ffc8f770000 - 0x00007ffc8f778000 	C:\WINDOWS\System32\PSAPI.DLL
0x00007ffc8c190000 - 0x00007ffc8c1ac000 	C:\WINDOWS\SYSTEM32\CRYPTSP.dll
0x00007ffc8b920000 - 0x00007ffc8b95a000 	C:\WINDOWS\system32\rsaenh.dll
0x00007ffc8bf80000 - 0x00007ffc8bfab000 	C:\WINDOWS\SYSTEM32\USERENV.dll
0x00007ffc8c3c0000 - 0x00007ffc8c3e6000 	C:\WINDOWS\SYSTEM32\bcrypt.dll
0x00007ffc8c180000 - 0x00007ffc8c18c000 	C:\WINDOWS\SYSTEM32\CRYPTBASE.dll
0x00007ffc8b3a0000 - 0x00007ffc8b3d3000 	C:\WINDOWS\SYSTEM32\IPHLPAPI.DLL
0x00007ffc8e950000 - 0x00007ffc8e95a000 	C:\WINDOWS\System32\NSI.dll
0x00007ffc5d470000 - 0x00007ffc5d479000 	C:\Program Files\Android\Android Studio\jbr\bin\extnet.dll
0x00007ffc5a240000 - 0x00007ffc5a248000 	C:\WINDOWS\system32\wshunix.dll

dbghelp: loaded successfully - version: 4.0.5 - missing functions: none
symbol engine: initialized successfully - sym options: 0x614 - pdb path: .;C:\Program Files\Android\Android Studio\jbr\bin;C:\WINDOWS\SYSTEM32;C:\WINDOWS\WinSxS\amd64_microsoft.windows.common-controls_6595b64144ccf1df_6.0.26100.3323_none_3e088096e3344490;C:\Program Files\Android\Android Studio\jbr\bin\server;C:\Users\arjun\.gradle\native\c067742578af261105cb4f569cf0c3c89f3d7b1fecec35dd04571415982c5e48\windows-amd64;C:\Users\arjun\.gradle\native\100fb08df4bc3b14c8652ba06237920a3bd2aa13389f12d3474272988ae205f9\windows-amd64

VM Arguments:
jvm_args: --add-opens=java.base/java.lang=ALL-UNNAMED --add-opens=java.base/java.lang.invoke=ALL-UNNAMED --add-opens=java.base/java.util=ALL-UNNAMED --add-opens=java.prefs/java.util.prefs=ALL-UNNAMED --add-exports=jdk.compiler/com.sun.tools.javac.api=ALL-UNNAMED --add-exports=jdk.compiler/com.sun.tools.javac.util=ALL-UNNAMED --add-opens=java.base/java.util=ALL-UNNAMED --add-opens=java.prefs/java.util.prefs=ALL-UNNAMED --add-opens=java.base/java.nio.charset=ALL-UNNAMED --add-opens=java.base/java.net=ALL-UNNAMED --add-opens=java.base/java.util.concurrent.atomic=ALL-UNNAMED --add-opens=java.xml/javax.xml.namespace=ALL-UNNAMED -Xmx2048m -Dfile.encoding=UTF-8 -Duser.country=US -Duser.language=en -Duser.variant -javaagent:C:\Users\arjun\.gradle\wrapper\dists\gradle-8.11.1-bin\bpt9gzteqjrbo1mjrsomdt32c\gradle-8.11.1\lib\agents\gradle-instrumentation-agent-8.11.1.jar 
java_command: org.gradle.launcher.daemon.bootstrap.GradleDaemon 8.11.1
java_class_path (initial): C:\Users\arjun\.gradle\wrapper\dists\gradle-8.11.1-bin\bpt9gzteqjrbo1mjrsomdt32c\gradle-8.11.1\lib\gradle-daemon-main-8.11.1.jar
Launcher Type: SUN_STANDARD

[Global flags]
     intx CICompilerCount                          = 12                                        {product} {ergonomic}
     uint ConcGCThreads                            = 3                                         {product} {ergonomic}
     uint G1ConcRefinementThreads                  = 13                                        {product} {ergonomic}
   size_t G1HeapRegionSize                         = 1048576                                   {product} {ergonomic}
    uintx GCDrainStackTargetSize                   = 64                                        {product} {ergonomic}
   size_t InitialHeapSize                          = 394264576                                 {product} {ergonomic}
   size_t MarkStackSize                            = 4194304                                   {product} {ergonomic}
   size_t MaxHeapSize                              = 2147483648                                {product} {command line}
   size_t MaxNewSize                               = 1287651328                                {product} {ergonomic}
   size_t MinHeapDeltaBytes                        = 1048576                                   {product} {ergonomic}
   size_t MinHeapSize                              = 8388608                                   {product} {ergonomic}
    uintx NonNMethodCodeHeapSize                   = 7602480                                {pd product} {ergonomic}
    uintx NonProfiledCodeHeapSize                  = 122027880                              {pd product} {ergonomic}
    uintx ProfiledCodeHeapSize                     = 122027880                              {pd product} {ergonomic}
    uintx ReservedCodeCacheSize                    = 251658240                              {pd product} {ergonomic}
     bool SegmentedCodeCache                       = true                                      {product} {ergonomic}
   size_t SoftMaxHeapSize                          = 2147483648                             {manageable} {ergonomic}
     bool UseCompressedOops                        = true                           {product lp64_product} {ergonomic}
     bool UseG1GC                                  = true                                      {product} {ergonomic}
     bool UseLargePagesIndividualAllocation        = false                                  {pd product} {ergonomic}

Logging:
Log output configuration:
 #0: stdout all=warning uptime,level,tags foldmultilines=false
 #1: stderr all=off uptime,level,tags foldmultilines=false

Environment Variables:
PATH=C:\Program Files\Eclipse Adoptium\jdk-21.0.5.11-hotspot\bin;C:\Program Files\Oculus\Support\oculus-runtime;C:\Program Files (x86)\Razer\ChromaBroadcast\bin;C:\Program Files\Razer\ChromaBroadcast\bin;C:\Windows\system32;C:\Windows;C:\Windows\System32\Wbem;C:\Windows\System32\WindowsPowerShell\v1.0\;C:\Windows\System32\OpenSSH\;C:\Program Files (x86)\NVIDIA Corporation\PhysX\Common;C:\WINDOWS\system32;C:\WINDOWS;C:\WINDOWS\System32\Wbem;C:\WINDOWS\System32\WindowsPowerShell\v1.0\;C:\WINDOWS\System32\OpenSSH\;C:\ProgramData\chocolatey\bin;C:\Program Files\dotnet\;C:\Program Files\Calibre2\;C:\Program Files\NVIDIA Corporation\NVIDIA App\NvDLISR;C:\WINDOWS\system32;C:\WINDOWS;C:\WINDOWS\System32\Wbem;C:\WINDOWS\System32\WindowsPowerShell\v1.0\;C:\WINDOWS\System32\OpenSSH\;C:\Program Files\Git\cmd;C:\Program Files\PuTTY\;C:\Program Files\PowerShell\7\;C:\Users\arjun\AppData\Local\Microsoft\WindowsApps;C:\tools\git\bin;C:\platform-tools;C:\Users\arjun\AppData\Local\Programs\Microsoft VS Code\bin;C:\Users\arjun\AppData\Local\Programs\Python;C:\Users\arjun\AppData\Local\Packages;;c:\users\arjun\appdata\local\packages\pythonsoftwarefoundation.python.3.12_qbz5n2kfra8p0\localcache\local-packages\python312\scripts;c:\users\arjun\.local\bin
USERNAME=arjun
OS=Windows_NT
PROCESSOR_IDENTIFIER=AMD64 Family 23 Model 96 Stepping 1, AuthenticAMD
TMP=C:\Users\arjun\AppData\Local\Temp
TEMP=C:\Users\arjun\AppData\Local\Temp




Periodic native trim disabled

JNI global refs:
JNI global refs: 32, weak refs: 0

JNI global refs memory usage: 835, weak refs: 833

Process memory usage:
Resident Set Size: 233428K (0% of 24557128K total physical memory with 9625752K free physical memory)

OOME stack traces (most recent first):
Classloader memory used:
Loader bootstrap                                                                       : 17326K
Loader org.gradle.internal.classloader.VisitableURLClassLoader                         : 16210K
Loader org.gradle.initialization.MixInLegacyTypesClassLoader                           : 3693K
Loader jdk.internal.loader.ClassLoaders$AppClassLoader                                 : 234K
Loader jdk.internal.loader.ClassLoaders$PlatformClassLoader                            : 114K

Classes loaded by more than one classloader:
Class org.gradle.internal.classloader.FilteringClassLoader                            : loaded 2 times (x 101B)
Class org.gradle.internal.classloader.ClassLoaderHierarchy                            : loaded 2 times (x 66B)
Class org.gradle.api.internal.classpath.ManifestUtil                                  : loaded 2 times (x 67B)
Class org.gradle.internal.classloader.DefaultClassLoaderFactory                       : loaded 2 times (x 78B)
Class org.gradle.internal.classloader.ClassLoaderVisitor                              : loaded 2 times (x 72B)
Class org.gradle.api.internal.classpath.EffectiveClassPath                            : loaded 2 times (x 86B)
Class org.gradle.api.internal.DefaultClassPathProvider                                : loaded 2 times (x 72B)
Class [Lorg.gradle.api.internal.ClassPathProvider;                                    : loaded 2 times (x 65B)
Class org.gradle.api.internal.ClassPathProvider                                       : loaded 2 times (x 66B)
Class org.gradle.internal.service.UnknownServiceException                             : loaded 2 times (x 79B)
Class org.gradle.internal.classpath.TransformedClassPath                              : loaded 2 times (x 92B)
Class org.gradle.internal.classloader.InstrumentingClassLoader                        : loaded 2 times (x 66B)
Class org.gradle.internal.service.ServiceLocator                                      : loaded 2 times (x 66B)
Class org.gradle.internal.InternalTransformer                                         : loaded 2 times (x 66B)
Class org.gradle.internal.classloader.ClasspathUtil$1                                 : loaded 2 times (x 72B)
Class org.gradle.api.internal.classpath.DefaultModuleRegistry$DefaultModule           : loaded 2 times (x 82B)
Class org.gradle.api.internal.classpath.Module                                        : loaded 2 times (x 66B)
Class org.gradle.api.internal.classpath.UnknownModuleException                        : loaded 2 times (x 78B)
Class org.gradle.api.internal.DefaultClassPathRegistry                                : loaded 2 times (x 72B)
Class org.gradle.api.internal.ClassPathRegistry                                       : loaded 2 times (x 66B)
Class org.gradle.internal.classpath.DefaultClassPath$ImmutableUniqueList              : loaded 2 times (x 195B)
Class org.gradle.internal.classpath.ClassPath                                         : loaded 2 times (x 66B)
Class org.gradle.api.UncheckedIOException                                             : loaded 2 times (x 78B)
Class org.gradle.internal.installation.GradleInstallation$1                           : loaded 2 times (x 71B)
Class org.gradle.api.internal.classpath.ModuleRegistry                                : loaded 2 times (x 66B)
Class org.gradle.api.internal.classpath.DefaultModuleRegistry                         : loaded 2 times (x 82B)
Class org.gradle.internal.service.ServiceLookupException                              : loaded 2 times (x 78B)
Class org.gradle.internal.classloader.ClassLoaderFactory                              : loaded 2 times (x 66B)
Class org.gradle.internal.service.CachingServiceLocator                               : loaded 2 times (x 78B)
Class org.gradle.internal.classloader.ClasspathUtil                                   : loaded 2 times (x 67B)
Class org.gradle.api.specs.Spec                                                       : loaded 2 times (x 66B)
Class org.gradle.internal.classloader.VisitableURLClassLoader$InstrumentingVisitableURLClassLoader: loaded 2 times (x 119B)
Class org.gradle.internal.classloader.VisitableURLClassLoader$Spec                    : loaded 2 times (x 70B)
Class org.gradle.internal.classpath.DefaultClassPath                                  : loaded 2 times (x 86B)
Class org.gradle.internal.classloader.ClassLoaderSpec                                 : loaded 2 times (x 67B)
Class org.gradle.internal.classloader.VisitableURLClassLoader                         : loaded 2 times (x 113B)
Class org.gradle.internal.Cast                                                        : loaded 2 times (x 67B)
Class org.gradle.api.Action                                                           : loaded 2 times (x 66B)
Class org.gradle.internal.classpath.DefaultClassPath$ImmutableUniqueList$Builder      : loaded 2 times (x 71B)
Class org.gradle.api.GradleException                                                  : loaded 2 times (x 78B)
Class org.gradle.internal.IoActions                                                   : loaded 2 times (x 67B)
Class org.gradle.internal.classloader.SystemClassLoaderSpec                           : loaded 2 times (x 67B)
Class org.gradle.api.internal.classpath.GlobalCacheRootsProvider                      : loaded 2 times (x 66B)
Class org.gradle.internal.installation.CurrentGradleInstallationLocator               : loaded 2 times (x 67B)
Class org.gradle.internal.service.DefaultServiceLocator                               : loaded 2 times (x 79B)
Class org.gradle.internal.installation.CurrentGradleInstallation                      : loaded 2 times (x 69B)
Class org.gradle.util.internal.GUtil                                                  : loaded 2 times (x 67B)
Class org.gradle.internal.installation.GradleInstallation                             : loaded 2 times (x 71B)

---------------  S Y S T E M  ---------------

OS:
 Windows 11 , 64 bit Build 26100 (10.0.26100.3323)
OS uptime: 3 days 20:08 hours
Hyper-V role detected

CPU: total 16 (initial active 16) (16 cores per cpu, 2 threads per core) family 23 model 96 stepping 1 microcode 0x8600104, cx8, cmov, fxsr, ht, mmx, 3dnowpref, sse, sse2, sse3, ssse3, sse4a, sse4.1, sse4.2, popcnt, lzcnt, tsc, tscinvbit, avx, avx2, aes, clmul, bmi1, bmi2, adx, sha, fma, vzeroupper, clflush, clflushopt, hv, rdtscp, rdpid, f16c
Processor Information for all 16 processors :
  Max Mhz: 3000, Current Mhz: 3000, Mhz Limit: 3000

Memory: 4k page, system-wide physical 23981M (9400M free)
TotalPageFile size 28919M (AvailPageFile size 4658M)
current process WorkingSet (physical memory assigned to process): 227M, peak: 227M
current process commit charge ("private bytes"): 278M, peak: 520M

vm_info: OpenJDK 64-Bit Server VM (21.0.5+-12932927-b750.29) for windows-amd64 JRE (21.0.5+-12932927-b750.29), built on 2025-01-17T02:01:10Z by "builder" with MS VC++ 16.10 / 16.11 (VS2019)

END.
